TN:
SF:src/App.tsx
FN:12,(anonymous_0)
FN:12,(anonymous_1)
FN:13,(anonymous_2)
FN:13,(anonymous_3)
FN:14,(anonymous_4)
FN:14,(anonymous_5)
FN:15,(anonymous_6)
FN:15,(anonymous_7)
FN:16,(anonymous_8)
FN:16,(anonymous_9)
FN:17,(anonymous_10)
FN:17,(anonymous_11)
FN:18,(anonymous_12)
FN:18,(anonymous_13)
FN:20,(anonymous_14)
FN:21,(anonymous_15)
FN:22,(anonymous_16)
FN:23,(anonymous_17)
FN:24,(anonymous_18)
FN:25,(anonymous_19)
FN:26,(anonymous_20)
FN:27,(anonymous_21)
FN:28,(anonymous_22)
FN:29,(anonymous_23)
FN:30,(anonymous_24)
FN:32,(anonymous_25)
FN:33,(anonymous_26)
FN:35,(anonymous_27)
FN:36,(anonymous_28)
FN:42,(anonymous_29)
FN:52,App
FNF:31
FNH:31
FNDA:1,(anonymous_0)
FNDA:1,(anonymous_1)
FNDA:1,(anonymous_2)
FNDA:1,(anonymous_3)
FNDA:1,(anonymous_4)
FNDA:1,(anonymous_5)
FNDA:1,(anonymous_6)
FNDA:1,(anonymous_7)
FNDA:1,(anonymous_8)
FNDA:1,(anonymous_9)
FNDA:1,(anonymous_10)
FNDA:1,(anonymous_11)
FNDA:1,(anonymous_12)
FNDA:1,(anonymous_13)
FNDA:1,(anonymous_14)
FNDA:1,(anonymous_15)
FNDA:1,(anonymous_16)
FNDA:1,(anonymous_17)
FNDA:1,(anonymous_18)
FNDA:1,(anonymous_19)
FNDA:1,(anonymous_20)
FNDA:1,(anonymous_21)
FNDA:1,(anonymous_22)
FNDA:1,(anonymous_23)
FNDA:1,(anonymous_24)
FNDA:1,(anonymous_25)
FNDA:1,(anonymous_26)
FNDA:1,(anonymous_27)
FNDA:1,(anonymous_28)
FNDA:72,(anonymous_29)
FNDA:28,App
DA:12,3
DA:13,3
DA:14,3
DA:15,3
DA:16,3
DA:17,3
DA:18,3
DA:20,3
DA:21,3
DA:22,3
DA:23,3
DA:24,3
DA:25,3
DA:26,3
DA:27,3
DA:28,3
DA:29,3
DA:30,3
DA:32,3
DA:33,3
DA:35,3
DA:36,3
DA:42,3
DA:43,72
DA:53,28
LF:25
LH:25
BRF:0
BRH:0
end_of_record
TN:
SF:src/main.tsx
FNF:0
FNH:0
DA:12,2
DA:23,2
DA:25,2
DA:26,1
DA:29,1
LF:5
LH:5
BRDA:25,0,0,1
BRDA:25,0,1,1
BRF:2
BRH:2
end_of_record
TN:
SF:src/components/AccessDenied.tsx
FN:5,(anonymous_0)
FNF:1
FNH:1
FNDA:5,(anonymous_0)
DA:5,1
DA:6,5
DA:8,5
LF:3
LH:3
BRDA:14,0,0,1
BRDA:14,0,1,4
BRDA:15,1,0,1
BRDA:15,1,1,4
BRDA:16,2,0,1
BRDA:16,2,1,4
BRDA:17,3,0,1
BRDA:17,3,1,4
BRDA:24,4,0,1
BRDA:24,4,1,4
BRDA:25,5,0,1
BRDA:25,5,1,4
BRDA:26,6,0,1
BRDA:26,6,1,4
BRDA:51,7,0,1
BRDA:51,7,1,4
BRDA:52,8,0,1
BRDA:52,8,1,4
BRDA:53,9,0,1
BRDA:53,9,1,4
BRF:20
BRH:20
end_of_record
TN:
SF:src/components/AuthForm.tsx
FN:12,AuthForm
FN:64,(anonymous_1)
FN:74,(anonymous_2)
FN:80,(anonymous_3)
FN:80,(anonymous_4)
FNF:5
FNH:5
FNDA:10,AuthForm
FNDA:1,(anonymous_1)
FNDA:1,(anonymous_2)
FNDA:1,(anonymous_3)
FNDA:1,(anonymous_4)
DA:24,10
DA:26,10
DA:28,10
DA:64,1
DA:74,1
DA:80,1
LF:6
LH:6
BRDA:48,0,0,9
BRDA:48,0,1,1
BRDA:52,1,0,9
BRDA:52,1,1,1
BRDA:71,2,0,1
BRDA:71,2,1,9
BRDA:79,3,0,1
BRDA:79,3,1,9
BRDA:83,4,0,1
BRDA:83,4,1,9
BRDA:93,5,0,10
BRDA:93,5,1,9
BRDA:108,6,0,10
BRDA:108,6,1,1
BRDA:132,7,0,1
BRDA:132,7,1,9
BRDA:134,8,0,8
BRDA:134,8,1,1
BRDA:148,9,0,9
BRDA:148,9,1,1
BRF:20
BRH:20
end_of_record
TN:
SF:src/components/ButtonCTA.tsx
FN:11,(anonymous_0)
FN:40,(anonymous_1)
FNF:2
FNH:2
FNDA:4,(anonymous_0)
FNDA:4,(anonymous_1)
DA:11,1
DA:17,4
DA:40,1
DA:46,4
LF:4
LH:4
BRDA:14,0,0,4
BRDA:15,1,0,4
BRDA:43,2,0,4
BRDA:44,3,0,4
BRF:4
BRH:4
end_of_record
TN:
SF:src/components/ConfirmModal.tsx
FN:18,(anonymous_0)
FN:33,(anonymous_1)
FN:39,(anonymous_2)
FN:65,(anonymous_3)
FN:107,(anonymous_4)
FNF:5
FNH:4
FNDA:5,(anonymous_0)
FNDA:1,(anonymous_1)
FNDA:1,(anonymous_2)
FNDA:2,(anonymous_3)
FNDA:0,(anonymous_4)
DA:18,1
DA:30,5
DA:33,5
DA:34,1
DA:35,1
DA:39,5
DA:40,1
DA:41,1
DA:44,5
DA:48,5
DA:65,2
DA:107,0
LF:12
LH:11
BRDA:20,0,0,5
BRDA:24,1,0,5
BRDA:25,2,0,5
BRDA:28,3,0,5
BRDA:44,4,0,0
BRDA:44,4,1,5
BRDA:50,5,0,5
BRDA:50,5,1,4
BRDA:79,6,0,4
BRDA:79,6,1,0
BRDA:95,7,0,4
BRDA:95,7,1,0
BRF:12
BRH:9
end_of_record
TN:
SF:src/components/FeedbackComponent.tsx
FN:10,(anonymous_0)
FN:27,(anonymous_1)
FN:104,(anonymous_2)
FN:122,(anonymous_3)
FNF:4
FNH:4
FNDA:10,(anonymous_0)
FNDA:1,(anonymous_1)
FNDA:1,(anonymous_2)
FNDA:1,(anonymous_3)
DA:10,1
DA:20,10
DA:22,10
DA:27,1
DA:104,1
DA:122,1
LF:6
LH:6
BRDA:28,0,0,10
BRDA:28,0,1,8
BRDA:30,1,0,1
BRDA:30,1,1,9
BRDA:34,2,0,3
BRDA:34,2,1,7
BRDA:34,3,0,10
BRDA:34,3,1,8
BRDA:34,3,2,2
BRDA:39,4,0,2
BRDA:39,4,1,8
BRDA:39,5,0,10
BRDA:39,5,1,2
BRDA:42,6,0,1
BRDA:42,6,1,7
BRDA:49,7,0,10
BRDA:49,7,1,8
BRDA:51,8,0,1
BRDA:51,8,1,9
BRDA:55,9,0,3
BRDA:55,9,1,7
BRDA:55,10,0,10
BRDA:55,10,1,8
BRDA:55,10,2,2
BRDA:60,11,0,1
BRDA:60,11,1,9
BRDA:66,12,0,10
BRDA:66,12,1,4
BRDA:126,13,0,1
BRDA:126,13,1,3
BRF:30
BRH:30
end_of_record
TN:
SF:src/components/FilterSelect.tsx
FN:13,FilterSelect
FN:35,(anonymous_1)
FNF:2
FNH:2
FNDA:58,FilterSelect
FNDA:8,(anonymous_1)
DA:22,58
DA:35,8
LF:2
LH:2
BRDA:18,0,0,58
BRDA:19,1,0,58
BRF:2
BRH:2
end_of_record
TN:
SF:src/components/FirebaseInit.tsx
FN:6,FirebaseInit
FN:7,(anonymous_1)
FNF:2
FNH:2
FNDA:4,FirebaseInit
FNDA:3,(anonymous_1)
DA:7,4
DA:8,3
DA:11,4
LF:3
LH:3
BRF:0
BRH:0
end_of_record
TN:
SF:src/components/GoogleButton.tsx
FN:4,GoogleButton
FNF:1
FNH:1
FNDA:4,GoogleButton
DA:5,4
DA:7,4
LF:2
LH:2
BRDA:27,0,0,1
BRDA:27,0,1,3
BRDA:32,1,0,1
BRDA:32,1,1,3
BRF:4
BRH:4
end_of_record
TN:
SF:src/components/Input.tsx
FN:3,Input
FNF:1
FNH:1
FNDA:28,Input
DA:4,28
LF:1
LH:1
BRF:0
BRH:0
end_of_record
TN:
SF:src/components/PromptSelector.tsx
FN:15,(anonymous_0)
FN:18,(anonymous_1)
FN:39,(anonymous_2)
FN:45,(anonymous_3)
FN:92,(anonymous_4)
FN:102,(anonymous_5)
FN:162,(anonymous_6)
FNF:7
FNH:7
FNDA:7,(anonymous_0)
FNDA:7,(anonymous_1)
FNDA:7,(anonymous_2)
FNDA:8,(anonymous_3)
FNDA:3,(anonymous_4)
FNDA:2,(anonymous_5)
FNDA:1,(anonymous_6)
DA:15,1
DA:16,7
DA:18,7
DA:19,7
DA:21,7
DA:39,7
DA:42,7
DA:45,1
DA:56,8
DA:61,8
DA:93,3
DA:103,2
DA:162,1
LF:13
LH:13
BRDA:19,0,0,0
BRDA:19,0,1,7
BRDA:48,1,0,8
BRDA:49,2,0,8
BRDA:90,3,0,8
BRDA:90,3,1,3
BRDA:100,4,0,8
BRDA:100,4,1,2
BRDA:115,5,0,8
BRDA:115,5,1,4
BRDA:149,6,0,8
BRDA:149,6,1,3
BRDA:161,7,0,1
BRDA:161,7,1,2
BRDA:169,8,0,2
BRDA:169,8,1,1
BRF:16
BRH:15
end_of_record
TN:
SF:src/components/ScrollToTop.tsx
FN:4,ScrollToTop
FN:7,(anonymous_1)
FNF:2
FNH:2
FNDA:6,ScrollToTop
FNDA:5,(anonymous_1)
DA:5,6
DA:7,6
DA:8,5
DA:11,6
LF:4
LH:4
BRF:0
BRH:0
end_of_record
TN:
SF:src/components/Typewriter.tsx
FN:12,(anonymous_0)
FN:16,(anonymous_1)
FN:21,(anonymous_2)
FN:22,(anonymous_3)
FN:23,(anonymous_4)
FN:26,(anonymous_5)
FNF:6
FNH:6
FNDA:46,(anonymous_0)
FNDA:46,(anonymous_1)
FNDA:41,(anonymous_2)
FNDA:41,(anonymous_3)
FNDA:41,(anonymous_4)
FNDA:44,(anonymous_5)
DA:12,1
DA:13,46
DA:14,46
DA:16,46
DA:18,46
DA:20,46
DA:21,44
DA:22,41
DA:23,41
DA:26,44
DA:30,46
LF:11
LH:11
BRDA:12,0,0,46
BRDA:12,1,0,46
BRDA:13,2,0,46
BRDA:13,2,1,0
BRDA:14,3,0,46
BRDA:14,3,1,0
BRDA:18,4,0,0
BRDA:18,4,1,46
BRDA:20,5,0,44
BRDA:20,5,1,2
BRF:10
BRH:7
end_of_record
TN:
SF:src/components/Admin/AdminFooterLinks.tsx
FN:3,(anonymous_0)
FNF:1
FNH:1
FNDA:1,(anonymous_0)
DA:3,1
DA:4,1
LF:2
LH:2
BRF:0
BRH:0
end_of_record
TN:
SF:src/components/Admin/AdminMaintenanceSection.tsx
FN:13,(anonymous_0)
FNF:1
FNH:1
FNDA:5,(anonymous_0)
DA:13,1
DA:20,5
LF:2
LH:2
BRDA:125,0,0,5
BRDA:125,0,1,2
BRDA:126,1,0,2
BRDA:126,1,1,3
BRDA:130,2,0,5
BRDA:130,2,1,3
BRDA:136,3,0,3
BRDA:136,3,1,2
BRDA:137,4,0,3
BRDA:137,4,1,2
BRDA:138,5,0,3
BRDA:138,5,1,2
BRDA:141,6,0,2
BRDA:141,6,1,1
BRDA:144,7,0,3
BRDA:144,7,1,2
BRDA:146,8,0,2
BRDA:146,8,1,1
BRDA:146,9,0,2
BRDA:146,9,1,1
BRF:20
BRH:20
end_of_record
TN:
SF:src/components/Admin/AdminTaxonomySection.tsx
FN:17,(anonymous_0)
FN:50,(anonymous_1)
FN:50,(anonymous_2)
FN:57,(anonymous_3)
FN:57,(anonymous_4)
FNF:5
FNH:5
FNDA:5,(anonymous_0)
FNDA:1,(anonymous_1)
FNDA:1,(anonymous_2)
FNDA:1,(anonymous_3)
FNDA:1,(anonymous_4)
DA:17,1
DA:23,5
DA:50,1
DA:57,1
LF:4
LH:4
BRDA:56,0,0,5
BRDA:56,0,1,1
BRDA:68,1,0,5
BRDA:68,1,1,1
BRDA:69,2,0,1
BRDA:69,2,1,4
BRF:6
BRH:6
end_of_record
TN:
SF:src/components/Admin/FirebaseManual.tsx
FN:4,FirebaseManual
FN:45,(anonymous_1)
FN:58,(anonymous_2)
FN:71,(anonymous_3)
FN:86,(anonymous_4)
FNF:5
FNH:5
FNDA:4,FirebaseManual
FNDA:1,(anonymous_1)
FNDA:1,(anonymous_2)
FNDA:1,(anonymous_3)
FNDA:1,(anonymous_4)
DA:17,4
DA:19,4
DA:45,1
DA:58,1
DA:71,1
DA:86,1
LF:6
LH:6
BRDA:98,0,0,4
BRDA:98,0,1,3
BRDA:100,1,0,1
BRDA:100,1,1,3
BRDA:101,2,0,1
BRDA:101,2,1,2
BRDA:102,3,0,1
BRDA:102,3,1,1
BRDA:106,4,0,4
BRDA:106,4,1,1
BRDA:108,5,0,4
BRDA:108,5,1,1
BRDA:109,6,0,4
BRDA:109,6,1,1
BRDA:110,7,0,4
BRDA:110,7,1,1
BRDA:111,8,0,4
BRDA:111,8,1,1
BRDA:116,9,0,4
BRDA:116,9,1,1
BRDA:123,10,0,4
BRDA:123,10,1,1
BRF:22
BRH:22
end_of_record
TN:
SF:src/components/Admin/UploadMaxima.tsx
FN:7,statusBadge
FN:31,(anonymous_1)
FN:85,(anonymous_2)
FN:90,(anonymous_3)
FN:95,(anonymous_4)
FN:100,(anonymous_5)
FN:105,(anonymous_6)
FN:109,(anonymous_7)
FN:164,(anonymous_8)
FN:211,(anonymous_9)
FN:279,(anonymous_10)
FN:315,(anonymous_11)
FNF:12
FNH:12
FNDA:13,statusBadge
FNDA:7,(anonymous_1)
FNDA:2,(anonymous_2)
FNDA:2,(anonymous_3)
FNDA:2,(anonymous_4)
FNDA:3,(anonymous_5)
FNDA:2,(anonymous_6)
FNDA:4,(anonymous_7)
FNDA:1,(anonymous_8)
FNDA:2,(anonymous_9)
FNDA:13,(anonymous_10)
FNDA:1,(anonymous_11)
DA:9,13
DA:10,13
DA:12,2
DA:15,2
DA:17,4
DA:19,1
DA:21,1
DA:23,1
DA:25,1
DA:27,1
DA:31,1
DA:46,7
DA:49,7
DA:51,7
DA:53,7
DA:86,2
DA:87,1
DA:88,1
DA:91,2
DA:92,1
DA:93,1
DA:96,2
DA:97,1
DA:98,1
DA:101,3
DA:102,3
DA:103,2
DA:106,2
DA:107,1
DA:110,4
DA:111,3
DA:112,2
DA:113,2
DA:165,1
DA:166,1
DA:212,2
DA:213,1
DA:280,13
DA:315,1
LF:39
LH:39
BRDA:10,0,0,2
BRDA:10,0,1,1
BRDA:10,0,2,2
BRDA:10,0,3,4
BRDA:10,0,4,1
BRDA:10,0,5,1
BRDA:10,0,6,1
BRDA:10,0,7,1
BRDA:10,0,8,1
BRDA:49,1,0,4
BRDA:49,1,1,3
BRDA:51,2,0,3
BRDA:51,2,1,4
BRDA:71,3,0,4
BRDA:71,3,1,3
BRDA:74,4,0,1
BRDA:74,4,1,6
BRDA:79,5,0,4
BRDA:79,5,1,3
BRDA:86,6,0,1
BRDA:86,6,1,1
BRDA:91,7,0,1
BRDA:91,7,1,1
BRDA:96,8,0,1
BRDA:96,8,1,1
BRDA:102,9,0,1
BRDA:102,9,1,2
BRDA:103,10,0,1
BRDA:103,10,1,1
BRDA:106,11,0,1
BRDA:106,11,1,1
BRDA:110,12,0,1
BRDA:110,12,1,3
BRDA:111,13,0,2
BRDA:111,13,1,1
BRDA:111,14,0,3
BRDA:111,14,1,2
BRDA:124,15,0,1
BRDA:124,15,1,6
BRDA:133,16,0,3
BRDA:133,16,1,4
BRDA:161,17,0,4
BRDA:161,17,1,1
BRDA:182,18,0,7
BRDA:182,18,1,4
BRDA:187,19,0,4
BRDA:187,19,1,3
BRDA:187,19,2,2
BRDA:212,20,0,1
BRDA:212,20,1,1
BRDA:213,21,0,1
BRDA:213,21,1,0
BRDA:220,22,0,7
BRDA:220,22,1,4
BRDA:223,23,0,1
BRDA:223,23,1,3
BRDA:254,24,0,3
BRDA:254,24,1,1
BRDA:254,25,0,4
BRDA:254,25,1,3
BRDA:267,26,0,7
BRDA:267,26,1,4
BRDA:283,27,0,3
BRDA:283,27,1,10
BRDA:300,28,0,2
BRDA:300,28,1,11
BRDA:300,29,0,13
BRDA:300,29,1,12
BRDA:302,30,0,2
BRDA:302,30,1,1
BRDA:306,31,0,11
BRDA:306,31,1,5
BRDA:312,32,0,13
BRDA:312,32,1,9
BRF:74
BRH:73
end_of_record
TN:
SF:src/components/Chat/CaseMetadataSection.tsx
FN:13,(anonymous_0)
FN:26,(anonymous_1)
FN:27,(anonymous_2)
FN:29,(anonymous_3)
FN:34,(anonymous_4)
FN:39,(anonymous_5)
FN:49,(anonymous_6)
FN:54,(anonymous_7)
FN:70,(anonymous_8)
FN:85,(anonymous_9)
FN:100,(anonymous_10)
FN:123,(anonymous_11)
FN:140,(anonymous_12)
FN:169,(anonymous_13)
FN:176,(anonymous_14)
FN:180,(anonymous_15)
FN:189,(anonymous_16)
FN:199,(anonymous_17)
FN:203,(anonymous_18)
FN:206,(anonymous_19)
FN:219,(anonymous_20)
FN:227,(anonymous_21)
FNF:22
FNH:22
FNDA:47,(anonymous_0)
FNDA:15,(anonymous_1)
FNDA:1,(anonymous_2)
FNDA:15,(anonymous_3)
FNDA:3,(anonymous_4)
FNDA:1,(anonymous_5)
FNDA:15,(anonymous_6)
FNDA:3,(anonymous_7)
FNDA:2,(anonymous_8)
FNDA:3,(anonymous_9)
FNDA:4,(anonymous_10)
FNDA:12,(anonymous_11)
FNDA:4,(anonymous_12)
FNDA:3,(anonymous_13)
FNDA:2,(anonymous_14)
FNDA:1,(anonymous_15)
FNDA:15,(anonymous_16)
FNDA:1,(anonymous_17)
FNDA:3,(anonymous_18)
FNDA:1,(anonymous_19)
FNDA:4,(anonymous_20)
FNDA:2,(anonymous_21)
DA:13,1
DA:18,47
DA:19,47
DA:20,47
DA:21,47
DA:22,47
DA:23,47
DA:24,47
DA:26,47
DA:27,15
DA:29,15
DA:30,15
DA:31,15
DA:32,14
DA:34,14
DA:35,3
DA:36,2
DA:37,2
DA:40,1
DA:43,1
DA:47,15
DA:49,15
DA:50,15
DA:54,47
DA:55,3
DA:56,2
DA:57,2
DA:58,2
DA:59,2
DA:62,1
DA:63,1
DA:65,1
DA:66,1
DA:70,47
DA:71,2
DA:72,2
DA:73,2
DA:74,2
DA:75,2
DA:78,1
DA:80,1
DA:81,1
DA:85,47
DA:86,3
DA:87,2
DA:88,2
DA:89,2
DA:90,2
DA:93,1
DA:95,1
DA:96,1
DA:100,47
DA:101,4
DA:102,2
DA:103,2
DA:104,2
DA:105,2
DA:106,2
DA:109,1
DA:110,1
DA:111,1
DA:112,1
DA:114,1
DA:115,1
DA:119,47
DA:123,12
DA:140,4
DA:169,3
DA:176,2
DA:180,1
DA:190,15
DA:199,1
DA:203,3
DA:206,1
DA:219,4
DA:227,2
LF:76
LH:76
BRDA:16,0,0,47
BRDA:35,1,0,2
BRDA:35,1,1,1
BRDA:37,2,0,2
BRDA:37,2,1,1
BRDA:55,3,0,1
BRDA:55,3,1,2
BRDA:55,4,0,3
BRDA:55,4,1,2
BRDA:71,5,0,0
BRDA:71,5,1,2
BRDA:71,6,0,2
BRDA:71,6,1,2
BRDA:86,7,0,1
BRDA:86,7,1,2
BRDA:86,8,0,3
BRDA:86,8,1,3
BRDA:86,8,2,3
BRDA:101,9,0,2
BRDA:101,9,1,2
BRDA:101,10,0,4
BRDA:101,10,1,4
BRDA:101,10,2,4
BRDA:101,10,3,3
BRDA:128,11,0,47
BRDA:128,11,1,2
BRDA:133,12,0,16
BRDA:133,12,1,31
BRDA:137,13,0,47
BRDA:137,13,1,45
BRDA:147,14,0,45
BRDA:147,14,1,24
BRDA:161,15,0,47
BRDA:161,15,1,31
BRDA:163,16,0,31
BRDA:163,16,1,30
BRDA:163,16,2,9
BRDA:186,17,0,7
BRDA:186,17,1,24
BRDA:186,18,0,31
BRDA:186,18,1,16
BRDA:194,19,0,5
BRDA:194,19,1,10
BRDA:194,20,0,15
BRDA:194,20,1,14
BRDA:216,21,0,15
BRDA:216,21,1,14
BRDA:216,21,2,9
BRF:48
BRH:47
end_of_record
TN:
SF:src/components/Chat/ChatHeader.tsx
FN:20,(anonymous_0)
FN:79,(anonymous_1)
FN:89,(anonymous_2)
FN:105,(anonymous_3)
FN:125,(anonymous_4)
FNF:5
FNH:5
FNDA:5,(anonymous_0)
FNDA:1,(anonymous_1)
FNDA:1,(anonymous_2)
FNDA:1,(anonymous_3)
FNDA:1,(anonymous_4)
DA:20,1
DA:33,5
DA:79,1
DA:89,1
DA:105,1
DA:125,1
LF:6
LH:6
BRDA:44,0,0,2
BRDA:44,0,1,3
BRDA:52,1,0,2
BRDA:52,1,1,3
BRDA:54,2,0,2
BRDA:54,2,1,1
BRDA:55,3,0,2
BRDA:55,3,1,1
BRDA:65,4,0,3
BRDA:65,4,1,1
BRDA:81,5,0,4
BRDA:81,5,1,1
BRDA:92,6,0,1
BRDA:92,6,1,4
BRDA:96,7,0,4
BRDA:96,7,1,1
BRDA:103,8,0,5
BRDA:103,8,1,2
BRDA:109,9,0,1
BRDA:109,9,1,1
BRDA:114,10,0,1
BRDA:114,10,1,1
BRDA:130,11,0,5
BRDA:130,11,1,1
BRF:24
BRH:24
end_of_record
TN:
SF:src/components/Chat/ChatInput.tsx
FN:33,(anonymous_0)
FN:37,(anonymous_1)
FN:58,(anonymous_2)
FN:84,(anonymous_3)
FN:88,(anonymous_4)
FN:93,(anonymous_5)
FN:111,(anonymous_6)
FN:121,(anonymous_7)
FN:126,(anonymous_8)
FN:131,(anonymous_9)
FN:139,(anonymous_10)
FN:159,(anonymous_11)
FN:164,(anonymous_12)
FN:183,(anonymous_13)
FN:186,(anonymous_14)
FN:193,(anonymous_15)
FN:217,(anonymous_16)
FN:224,(anonymous_17)
FN:242,(anonymous_18)
FN:259,(anonymous_19)
FN:284,(anonymous_20)
FN:287,(anonymous_21)
FN:290,(anonymous_22)
FN:304,(anonymous_23)
FN:305,(anonymous_24)
FNF:25
FNH:25
FNDA:3,(anonymous_0)
FNDA:18,(anonymous_1)
FNDA:30,(anonymous_2)
FNDA:13,(anonymous_3)
FNDA:8,(anonymous_4)
FNDA:18,(anonymous_5)
FNDA:12,(anonymous_6)
FNDA:8,(anonymous_7)
FNDA:1,(anonymous_8)
FNDA:1,(anonymous_9)
FNDA:6,(anonymous_10)
FNDA:3,(anonymous_11)
FNDA:1,(anonymous_12)
FNDA:2,(anonymous_13)
FNDA:1,(anonymous_14)
FNDA:1,(anonymous_15)
FNDA:2,(anonymous_16)
FNDA:1,(anonymous_17)
FNDA:1,(anonymous_18)
FNDA:1,(anonymous_19)
FNDA:1,(anonymous_20)
FNDA:1,(anonymous_21)
FNDA:1,(anonymous_22)
FNDA:1,(anonymous_23)
FNDA:4,(anonymous_24)
DA:33,1
DA:34,3
DA:38,18
DA:58,1
DA:78,30
DA:79,30
DA:81,30
DA:82,30
DA:84,30
DA:85,13
DA:88,30
DA:89,8
DA:90,7
DA:91,7
DA:92,7
DA:93,18
DA:94,7
DA:95,7
DA:97,8
DA:98,4
DA:99,1
DA:101,3
DA:104,3
DA:105,1
DA:107,2
DA:111,30
DA:112,12
DA:113,12
DA:115,12
DA:116,11
DA:117,11
DA:118,11
DA:119,11
DA:121,11
DA:122,8
DA:123,8
DA:126,11
DA:127,1
DA:128,1
DA:131,11
DA:132,1
DA:135,11
DA:139,30
DA:140,6
DA:141,6
DA:142,1
DA:143,1
DA:145,5
DA:146,4
DA:147,4
DA:148,4
DA:149,4
DA:151,1
DA:154,1
DA:159,30
DA:160,3
DA:162,3
DA:163,1
DA:164,1
DA:165,2
DA:166,1
DA:167,1
DA:170,3
DA:173,30
DA:184,2
DA:186,1
DA:193,1
DA:218,2
DA:224,1
DA:242,1
DA:259,1
DA:284,1
DA:287,1
DA:290,1
DA:304,1
DA:306,4
DA:307,1
DA:308,1
LF:78
LH:78
BRDA:75,0,0,30
BRDA:89,1,0,1
BRDA:89,1,1,7
BRDA:95,2,0,7
BRDA:95,2,1,2
BRDA:97,3,0,4
BRDA:97,3,1,3
BRDA:98,4,0,1
BRDA:98,4,1,3
BRDA:104,5,0,1
BRDA:104,5,1,2
BRDA:113,6,0,12
BRDA:113,6,1,1
BRDA:115,7,0,11
BRDA:115,7,1,1
BRDA:140,8,0,0
BRDA:140,8,1,6
BRDA:141,9,0,1
BRDA:141,9,1,5
BRDA:145,10,0,4
BRDA:145,10,1,1
BRDA:160,11,0,0
BRDA:160,11,1,3
BRDA:160,12,0,3
BRDA:160,12,1,3
BRDA:162,13,0,1
BRDA:162,13,1,2
BRDA:165,14,0,1
BRDA:165,14,1,1
BRDA:167,15,0,1
BRDA:167,15,1,0
BRDA:181,16,0,30
BRDA:181,16,1,1
BRDA:191,17,0,2
BRDA:191,17,1,2
BRDA:194,18,0,2
BRDA:194,18,1,2
BRDA:194,18,2,2
BRDA:202,19,0,1
BRDA:202,19,1,1
BRDA:205,20,0,1
BRDA:205,20,1,1
BRDA:215,21,0,30
BRDA:215,21,1,1
BRDA:215,21,2,1
BRDA:215,21,3,1
BRDA:222,22,0,2
BRDA:222,22,1,2
BRDA:239,23,0,30
BRDA:239,23,1,27
BRDA:239,23,2,24
BRDA:243,24,0,24
BRDA:243,24,1,23
BRDA:243,24,2,22
BRDA:245,25,0,1
BRDA:245,25,1,23
BRDA:250,26,0,24
BRDA:250,26,1,1
BRDA:260,27,0,24
BRDA:260,27,1,23
BRDA:260,27,2,22
BRDA:271,28,0,3
BRDA:271,28,1,27
BRDA:271,29,0,30
BRDA:271,29,1,3
BRDA:295,30,0,3
BRDA:295,30,1,24
BRDA:295,31,0,27
BRDA:295,31,1,3
BRDA:306,32,0,1
BRDA:306,32,1,3
BRDA:306,33,0,4
BRDA:306,33,1,3
BRDA:306,33,2,2
BRDA:306,33,3,1
BRDA:311,34,0,24
BRDA:311,34,1,23
BRDA:311,34,2,22
BRDA:313,35,0,2
BRDA:313,35,1,22
BRDA:314,36,0,1
BRDA:314,36,1,21
BRDA:315,37,0,1
BRDA:315,37,1,20
BRDA:316,38,0,1
BRDA:316,38,1,19
BRDA:328,39,0,2
BRDA:328,39,1,28
BRDA:335,40,0,28
BRDA:335,40,1,25
BRDA:338,41,0,25
BRDA:338,41,1,24
BRDA:340,42,0,3
BRDA:340,42,1,22
BRDA:345,43,0,3
BRDA:345,43,1,22
BRDA:351,44,0,28
BRDA:351,44,1,18
BRDA:351,44,2,17
BRDA:351,44,3,11
BRDA:351,44,4,11
BRDA:351,44,5,11
BRDA:353,45,0,17
BRDA:353,45,1,11
BRDA:353,46,0,28
BRDA:353,46,1,18
BRDA:353,46,2,17
BRDA:353,46,3,11
BRDA:353,46,4,11
BRDA:353,46,5,11
BRDA:357,47,0,1
BRDA:357,47,1,27
BRDA:359,48,0,1
BRDA:359,48,1,26
BRDA:366,49,0,11
BRDA:366,49,1,15
BRDA:366,50,0,26
BRDA:366,50,1,16
BRF:118
BRH:115
end_of_record
TN:
SF:src/components/Chat/ChatWorkspace.tsx
FN:15,(anonymous_0)
FN:41,(anonymous_1)
FN:52,(anonymous_2)
FNF:3
FNH:3
FNDA:3,(anonymous_0)
FNDA:1,(anonymous_1)
FNDA:1,(anonymous_2)
DA:15,1
DA:23,3
DA:41,1
DA:52,1
LF:4
LH:4
BRDA:25,0,0,3
BRDA:25,0,1,2
BRDA:37,1,0,1
BRDA:37,1,1,1
BRDA:49,2,0,2
BRDA:49,2,1,1
BRF:6
BRH:6
end_of_record
TN:
SF:src/components/Chat/DocumentSelectorPanel.tsx
FN:20,(anonymous_0)
FN:57,(anonymous_1)
FN:58,(anonymous_2)
FN:69,(anonymous_3)
FN:74,(anonymous_4)
FN:80,(anonymous_5)
FN:87,(anonymous_6)
FN:92,(anonymous_7)
FN:95,(anonymous_8)
FN:104,(anonymous_9)
FN:111,(anonymous_10)
FN:112,(anonymous_11)
FN:112,(anonymous_12)
FN:115,(anonymous_13)
FN:124,(anonymous_14)
FN:137,(anonymous_15)
FN:213,(anonymous_16)
FN:230,(anonymous_17)
FN:234,(anonymous_18)
FN:236,(anonymous_19)
FN:277,(anonymous_20)
FN:283,(anonymous_21)
FN:290,(anonymous_22)
FN:291,(anonymous_23)
FN:294,(anonymous_24)
FN:307,(anonymous_25)
FN:313,(anonymous_26)
FN:320,(anonymous_27)
FN:321,(anonymous_28)
FN:324,(anonymous_29)
FN:382,(anonymous_30)
FN:383,(anonymous_31)
FNF:32
FNH:28
FNDA:46,(anonymous_0)
FNDA:135,(anonymous_1)
FNDA:135,(anonymous_2)
FNDA:133,(anonymous_3)
FNDA:133,(anonymous_4)
FNDA:3,(anonymous_5)
FNDA:4,(anonymous_6)
FNDA:3,(anonymous_7)
FNDA:3,(anonymous_8)
FNDA:3,(anonymous_9)
FNDA:1,(anonymous_10)
FNDA:1,(anonymous_11)
FNDA:1,(anonymous_12)
FNDA:2,(anonymous_13)
FNDA:3,(anonymous_14)
FNDA:2,(anonymous_15)
FNDA:1,(anonymous_16)
FNDA:180,(anonymous_17)
FNDA:172,(anonymous_18)
FNDA:4,(anonymous_19)
FNDA:10,(anonymous_20)
FNDA:0,(anonymous_21)
FNDA:0,(anonymous_22)
FNDA:0,(anonymous_23)
FNDA:0,(anonymous_24)
FNDA:117,(anonymous_25)
FNDA:216,(anonymous_26)
FNDA:3,(anonymous_27)
FNDA:3,(anonymous_28)
FNDA:1,(anonymous_29)
FNDA:1,(anonymous_30)
FNDA:1,(anonymous_31)
DA:20,1
DA:33,46
DA:34,46
DA:35,46
DA:36,46
DA:37,46
DA:39,46
DA:40,46
DA:41,46
DA:43,46
DA:44,46
DA:45,46
DA:48,46
DA:50,46
DA:52,46
DA:53,46
DA:56,46
DA:57,135
DA:59,135
DA:60,8
DA:64,127
DA:69,46
DA:70,133
DA:71,133
DA:74,46
DA:75,133
DA:76,133
DA:77,133
DA:80,46
DA:81,3
DA:82,3
DA:83,3
DA:84,1
DA:87,46
DA:88,4
DA:89,1
DA:90,1
DA:92,3
DA:95,46
DA:96,3
DA:97,3
DA:98,3
DA:99,3
DA:100,2
DA:104,46
DA:105,3
DA:106,2
DA:107,2
DA:111,46
DA:112,1
DA:115,46
DA:116,2
DA:118,1
DA:119,1
DA:121,2
DA:124,46
DA:125,3
DA:126,3
DA:127,2
DA:128,2
DA:129,1
DA:130,1
DA:131,1
DA:133,1
DA:137,46
DA:138,2
DA:139,2
DA:140,2
DA:141,2
DA:142,1
DA:143,1
DA:145,1
DA:147,2
DA:151,46
DA:213,1
DA:231,180
DA:232,180
DA:235,172
DA:237,4
DA:238,4
DA:278,10
DA:283,0
DA:290,0
DA:291,0
DA:294,0
DA:308,117
DA:313,216
DA:320,3
DA:321,3
DA:324,1
DA:382,1
DA:383,1
LF:92
LH:88
BRDA:28,0,0,46
BRDA:29,1,0,46
BRDA:59,2,0,8
BRDA:59,2,1,127
BRDA:60,3,0,4
BRDA:60,3,1,4
BRDA:64,4,0,4
BRDA:64,4,1,123
BRDA:65,5,0,4
BRDA:65,5,1,3
BRDA:65,6,0,4
BRDA:65,6,1,0
BRDA:66,7,0,123
BRDA:66,7,1,0
BRDA:66,8,0,123
BRDA:66,8,1,82
BRDA:71,9,0,133
BRDA:71,9,1,15
BRDA:76,10,0,133
BRDA:76,10,1,15
BRDA:77,11,0,133
BRDA:77,11,1,15
BRDA:83,12,0,2
BRDA:83,12,1,1
BRDA:83,13,0,3
BRDA:83,13,1,2
BRDA:83,14,0,1
BRDA:83,14,1,0
BRDA:84,15,0,1
BRDA:84,15,1,0
BRDA:88,16,0,1
BRDA:88,16,1,3
BRDA:99,17,0,2
BRDA:99,17,1,1
BRDA:99,18,0,3
BRDA:99,18,1,3
BRDA:105,19,0,2
BRDA:105,19,1,1
BRDA:105,20,0,3
BRDA:105,20,1,3
BRDA:116,21,0,1
BRDA:116,21,1,1
BRDA:126,22,0,1
BRDA:126,22,1,2
BRDA:126,23,0,3
BRDA:126,23,1,3
BRDA:138,24,0,0
BRDA:138,24,1,2
BRDA:153,25,0,46
BRDA:153,25,1,45
BRDA:159,26,0,43
BRDA:159,26,1,2
BRDA:179,27,0,3
BRDA:179,27,1,42
BRDA:207,28,0,2
BRDA:207,28,1,43
BRDA:220,29,0,43
BRDA:220,29,1,2
BRDA:220,30,0,42
BRDA:220,30,1,1
BRDA:220,31,0,1
BRDA:220,31,1,1
BRDA:231,32,0,180
BRDA:231,32,1,90
BRDA:240,33,0,172
BRDA:240,33,1,0
BRDA:243,34,0,172
BRDA:243,34,1,43
BRDA:260,35,0,1
BRDA:260,35,1,44
BRDA:265,36,0,1
BRDA:265,36,1,43
BRDA:272,37,0,43
BRDA:272,37,1,5
BRDA:284,38,0,10
BRDA:284,38,1,10
BRDA:279,39,0,10
BRDA:279,39,1,0
BRDA:300,40,0,43
BRDA:300,40,1,43
BRDA:302,41,0,43
BRDA:302,41,1,5
BRDA:314,42,0,117
BRDA:314,42,1,5
BRDA:309,43,0,117
BRDA:309,43,1,0
BRDA:339,44,0,45
BRDA:339,44,1,5
BRDA:358,45,0,45
BRDA:358,45,1,43
BRDA:361,46,0,2
BRDA:361,46,1,43
BRDA:363,47,0,5
BRDA:363,47,1,38
BRF:94
BRH:86
end_of_record
TN:
SF:src/components/Chat/DocumentViewer.tsx
FN:21,(anonymous_0)
FN:36,(anonymous_1)
FN:37,(anonymous_2)
FN:45,(anonymous_3)
FN:48,(anonymous_4)
FN:63,(anonymous_5)
FN:78,(anonymous_6)
FN:83,(anonymous_7)
FN:86,(anonymous_8)
FN:122,(anonymous_9)
FN:127,(anonymous_10)
FN:130,(anonymous_11)
FN:131,(anonymous_12)
FN:132,(anonymous_13)
FN:137,(anonymous_14)
FN:139,(anonymous_15)
FN:148,(anonymous_16)
FN:164,(anonymous_17)
FN:165,(anonymous_18)
FN:177,(anonymous_19)
FN:195,(anonymous_20)
FN:198,(anonymous_21)
FN:218,(anonymous_22)
FN:256,(anonymous_23)
FN:257,(anonymous_24)
FNF:25
FNH:21
FNDA:45,(anonymous_0)
FNDA:15,(anonymous_1)
FNDA:15,(anonymous_2)
FNDA:47,(anonymous_3)
FNDA:15,(anonymous_4)
FNDA:12,(anonymous_5)
FNDA:12,(anonymous_6)
FNDA:0,(anonymous_7)
FNDA:0,(anonymous_8)
FNDA:12,(anonymous_9)
FNDA:33,(anonymous_10)
FNDA:2,(anonymous_11)
FNDA:4,(anonymous_12)
FNDA:4,(anonymous_13)
FNDA:6,(anonymous_14)
FNDA:11,(anonymous_15)
FNDA:2,(anonymous_16)
FNDA:3,(anonymous_17)
FNDA:3,(anonymous_18)
FNDA:1,(anonymous_19)
FNDA:18,(anonymous_20)
FNDA:1,(anonymous_21)
FNDA:1,(anonymous_22)
FNDA:0,(anonymous_23)
FNDA:0,(anonymous_24)
DA:9,1
DA:11,1
DA:21,1
DA:28,45
DA:30,45
DA:31,45
DA:33,45
DA:34,45
DA:36,45
DA:37,15
DA:38,1
DA:40,15
DA:41,1
DA:45,47
DA:48,45
DA:49,15
DA:51,13
DA:52,13
DA:55,13
DA:56,1
DA:57,1
DA:58,1
DA:59,1
DA:63,12
DA:64,12
DA:65,12
DA:66,12
DA:68,12
DA:69,12
DA:70,12
DA:71,12
DA:72,12
DA:73,12
DA:75,12
DA:79,12
DA:80,12
DA:82,12
DA:83,11
DA:84,11
DA:86,1
DA:87,1
DA:92,12
DA:94,12
DA:95,1
DA:98,11
DA:99,11
DA:100,10
DA:102,1
DA:106,10
DA:107,10
DA:110,2
DA:111,2
DA:112,2
DA:114,12
DA:115,12
DA:120,12
DA:122,12
DA:123,12
DA:127,45
DA:128,33
DA:130,2
DA:131,4
DA:132,4
DA:133,2
DA:135,2
DA:137,2
DA:138,6
DA:139,6
DA:140,11
DA:143,6
DA:144,2
DA:149,2
DA:150,2
DA:151,2
DA:160,4
DA:164,45
DA:165,3
DA:166,3
DA:167,3
DA:169,3
DA:170,2
DA:172,1
DA:177,45
DA:178,1
DA:179,1
DA:180,1
DA:183,45
DA:196,18
DA:198,1
DA:218,1
DA:256,0
DA:257,0
LF:92
LH:90
BRDA:25,0,0,45
BRDA:28,1,0,45
BRDA:28,1,1,1
BRDA:37,2,0,1
BRDA:37,2,1,14
BRDA:37,3,0,15
BRDA:37,3,1,14
BRDA:40,4,0,1
BRDA:40,4,1,14
BRDA:49,5,0,2
BRDA:49,5,1,13
BRDA:55,6,0,1
BRDA:55,6,1,12
BRDA:69,7,0,0
BRDA:69,7,1,12
BRDA:70,8,0,12
BRDA:70,8,1,1
BRDA:80,9,0,12
BRDA:80,9,1,0
BRDA:82,10,0,11
BRDA:82,10,1,1
BRDA:92,11,0,0
BRDA:92,11,1,12
BRDA:94,12,0,1
BRDA:94,12,1,11
BRDA:94,13,0,12
BRDA:94,13,1,11
BRDA:94,13,2,10
BRDA:95,14,0,1
BRDA:95,14,1,0
BRDA:95,14,2,0
BRDA:99,15,0,10
BRDA:99,15,1,1
BRDA:99,16,0,11
BRDA:99,16,1,10
BRDA:110,17,0,0
BRDA:110,17,1,2
BRDA:114,18,0,12
BRDA:114,18,1,0
BRDA:128,19,0,31
BRDA:128,19,1,2
BRDA:128,20,0,33
BRDA:128,20,1,33
BRDA:143,21,0,2
BRDA:143,21,1,4
BRDA:143,22,0,6
BRDA:143,22,1,2
BRDA:150,23,0,2
BRDA:150,23,1,0
BRDA:167,24,0,3
BRDA:167,24,1,0
BRDA:169,25,0,2
BRDA:169,25,1,1
BRDA:193,26,0,45
BRDA:193,26,1,9
BRDA:200,27,0,9
BRDA:200,27,1,9
BRDA:197,28,0,18
BRDA:197,28,1,0
BRDA:224,29,0,45
BRDA:224,29,1,2
BRDA:231,30,0,12
BRDA:231,30,1,33
BRDA:247,31,0,45
BRDA:247,31,1,2
BRDA:247,31,2,2
BRF:66
BRH:56
end_of_record
TN:
SF:src/components/Chat/FascicoloSetupPage.tsx
FN:10,(anonymous_0)
FN:32,(anonymous_1)
FN:36,(anonymous_2)
FN:94,(anonymous_3)
FN:109,(anonymous_4)
FN:123,(anonymous_5)
FN:164,(anonymous_6)
FNF:7
FNH:7
FNDA:13,(anonymous_0)
FNDA:1,(anonymous_1)
FNDA:2,(anonymous_2)
FNDA:1,(anonymous_3)
FNDA:1,(anonymous_4)
FNDA:10,(anonymous_5)
FNDA:1,(anonymous_6)
DA:10,1
DA:11,13
DA:12,13
DA:13,13
DA:16,13
DA:25,13
DA:28,13
DA:29,13
DA:32,13
DA:33,1
DA:36,13
DA:37,2
DA:39,2
DA:40,2
DA:41,2
DA:42,2
DA:45,2
DA:53,1
DA:54,1
DA:56,2
DA:60,13
DA:94,1
DA:109,1
DA:124,10
DA:164,1
LF:25
LH:25
BRDA:37,0,0,0
BRDA:37,0,1,2
BRDA:75,1,0,1
BRDA:75,1,1,12
BRDA:89,2,0,1
BRDA:89,2,1,12
BRDA:117,3,0,4
BRDA:117,3,1,9
BRDA:152,4,0,13
BRDA:152,4,1,13
BRDA:152,4,2,12
BRDA:152,4,3,10
BRDA:155,5,0,13
BRDA:155,5,1,0
BRDA:156,6,0,0
BRDA:156,6,1,13
BRDA:156,7,0,1
BRDA:156,7,1,12
BRF:18
BRH:15
end_of_record
TN:
SF:src/components/Chat/Filters.tsx
FN:17,(anonymous_0)
FN:22,(anonymous_1)
FN:57,(anonymous_2)
FN:95,(anonymous_3)
FN:97,(anonymous_4)
FN:106,(anonymous_5)
FN:112,(anonymous_6)
FN:115,(anonymous_7)
FN:135,(anonymous_8)
FN:137,(anonymous_9)
FN:139,(anonymous_10)
FN:144,(anonymous_11)
FN:146,(anonymous_12)
FN:154,(anonymous_13)
FN:158,(anonymous_14)
FNF:15
FNH:15
FNDA:57,(anonymous_0)
FNDA:8,(anonymous_1)
FNDA:18,(anonymous_2)
FNDA:2,(anonymous_3)
FNDA:68,(anonymous_4)
FNDA:2,(anonymous_5)
FNDA:13,(anonymous_6)
FNDA:35,(anonymous_7)
FNDA:2,(anonymous_8)
FNDA:34,(anonymous_9)
FNDA:68,(anonymous_10)
FNDA:1,(anonymous_11)
FNDA:51,(anonymous_12)
FNDA:1,(anonymous_13)
FNDA:1,(anonymous_14)
DA:17,1
DA:18,57
DA:22,8
DA:57,1
DA:58,18
DA:60,18
DA:61,18
DA:62,14
DA:63,1
DA:65,18
DA:95,2
DA:97,68
DA:107,2
DA:108,1
DA:113,13
DA:116,35
DA:117,35
DA:118,13
DA:120,22
DA:124,13
DA:135,2
DA:138,34
DA:139,68
DA:144,1
DA:146,51
DA:154,1
DA:158,1
LF:27
LH:27
BRDA:61,0,0,3
BRDA:61,0,1,15
BRDA:61,1,0,1
BRDA:61,1,1,14
BRDA:62,2,0,1
BRDA:62,2,1,13
BRDA:67,3,0,18
BRDA:67,3,1,17
BRDA:95,4,0,1
BRDA:95,4,1,1
BRDA:95,5,0,1
BRDA:95,5,1,0
BRDA:99,6,0,17
BRDA:99,6,1,5
BRDA:107,7,0,1
BRDA:107,7,1,1
BRDA:108,8,0,1
BRDA:108,8,1,0
BRDA:116,9,0,0
BRDA:116,9,1,35
BRDA:117,10,0,13
BRDA:117,10,1,22
BRDA:135,11,0,2
BRDA:135,11,1,0
BRDA:135,12,0,2
BRDA:135,12,1,1
BRDA:164,13,0,17
BRDA:164,13,1,11
BRDA:164,13,2,10
BRDA:164,13,3,9
BRDA:164,13,4,7
BRDA:164,13,5,6
BRDA:164,13,6,12
BRF:33
BRH:29
end_of_record
TN:
SF:src/components/Chat/MessageList.tsx
FN:20,(anonymous_0)
FN:41,(anonymous_1)
FN:46,(anonymous_2)
FN:91,(anonymous_3)
FN:107,(anonymous_4)
FN:108,(anonymous_5)
FN:109,(anonymous_6)
FNF:7
FNH:7
FNDA:7,(anonymous_0)
FNDA:8,(anonymous_1)
FNDA:7,(anonymous_2)
FNDA:7,(anonymous_3)
FNDA:1,(anonymous_4)
FNDA:1,(anonymous_5)
FNDA:1,(anonymous_6)
DA:20,1
DA:31,7
DA:42,8
DA:45,8
DA:46,7
DA:49,8
DA:92,7
DA:93,7
DA:94,7
DA:96,7
DA:104,7
DA:107,1
DA:108,1
DA:109,1
LF:14
LH:14
BRDA:33,0,0,1
BRDA:33,0,1,6
BRDA:45,1,0,2
BRDA:45,1,1,6
BRDA:46,2,0,7
BRDA:46,2,1,3
BRDA:46,2,2,2
BRDA:46,2,3,1
BRDA:46,2,4,0
BRDA:55,3,0,2
BRDA:55,3,1,6
BRDA:57,4,0,2
BRDA:57,4,1,6
BRDA:60,5,0,2
BRDA:60,5,1,6
BRDA:65,6,0,2
BRDA:65,6,1,6
BRDA:65,7,0,8
BRDA:65,7,1,6
BRDA:65,7,2,2
BRDA:73,8,0,2
BRDA:73,8,1,1
BRDA:76,9,0,4
BRDA:76,9,1,2
BRDA:81,10,0,4
BRDA:81,10,1,3
BRDA:89,11,0,8
BRDA:89,11,1,2
BRDA:89,11,2,2
BRDA:93,12,0,7
BRDA:93,12,1,3
BRDA:93,12,2,2
BRDA:93,12,3,1
BRDA:93,12,4,0
BRDA:94,13,0,2
BRDA:94,13,1,5
BRDA:96,14,0,3
BRDA:96,14,1,4
BRDA:97,15,0,3
BRDA:97,15,1,2
BRDA:97,15,2,1
BRDA:98,16,0,1
BRDA:98,16,1,3
BRDA:100,17,0,2
BRDA:100,17,1,1
BRDA:101,18,0,2
BRDA:101,18,1,1
BRDA:111,19,0,1
BRDA:111,19,1,6
BRDA:117,20,0,3
BRDA:117,20,1,4
BRDA:127,21,0,8
BRDA:127,21,1,6
BRDA:127,21,2,4
BRF:54
BRH:52
end_of_record
TN:
SF:src/components/Chat/MessageTimeline.tsx
FN:8,(anonymous_0)
FN:9,(anonymous_1)
FN:13,(anonymous_2)
FN:24,(anonymous_3)
FN:34,(anonymous_4)
FNF:5
FNH:5
FNDA:6,(anonymous_0)
FNDA:11,(anonymous_1)
FNDA:2,(anonymous_2)
FNDA:6,(anonymous_3)
FNDA:2,(anonymous_4)
DA:8,1
DA:9,11
DA:11,6
DA:13,3
DA:14,2
DA:15,2
DA:16,1
DA:20,3
DA:25,6
DA:26,6
DA:28,6
DA:34,2
LF:12
LH:12
BRDA:11,0,0,3
BRDA:11,0,1,3
BRDA:15,1,0,1
BRDA:15,1,1,1
BRDA:26,2,0,1
BRDA:26,2,1,5
BRF:6
BRH:6
end_of_record
TN:
SF:src/components/Chat/PastFascicoli.tsx
FN:19,(anonymous_0)
FN:28,(anonymous_1)
FN:39,(anonymous_2)
FN:50,(anonymous_3)
FN:61,(anonymous_4)
FN:69,(anonymous_5)
FN:70,(anonymous_6)
FN:78,(anonymous_7)
FN:81,(anonymous_8)
FN:88,(anonymous_9)
FN:121,(anonymous_10)
FN:131,(anonymous_11)
FN:145,(anonymous_12)
FN:151,(anonymous_13)
FN:166,(anonymous_14)
FN:178,(anonymous_15)
FN:209,(anonymous_16)
FN:215,(anonymous_17)
FN:230,(anonymous_18)
FN:242,(anonymous_19)
FNF:20
FNH:20
FNDA:43,(anonymous_0)
FNDA:52,(anonymous_1)
FNDA:17,(anonymous_2)
FNDA:8,(anonymous_3)
FNDA:12,(anonymous_4)
FNDA:8,(anonymous_5)
FNDA:11,(anonymous_6)
FNDA:8,(anonymous_7)
FNDA:2,(anonymous_8)
FNDA:2,(anonymous_9)
FNDA:1,(anonymous_10)
FNDA:1,(anonymous_11)
FNDA:36,(anonymous_12)
FNDA:2,(anonymous_13)
FNDA:1,(anonymous_14)
FNDA:1,(anonymous_15)
FNDA:16,(anonymous_16)
FNDA:2,(anonymous_17)
FNDA:2,(anonymous_18)
FNDA:1,(anonymous_19)
DA:19,1
DA:20,43
DA:28,1
DA:29,52
DA:30,43
DA:31,34
DA:32,18
DA:33,18
DA:35,16
DA:36,8
DA:39,1
DA:50,17
DA:51,8
DA:52,8
DA:53,8
DA:55,5
DA:58,17
DA:61,17
DA:62,12
DA:64,12
DA:69,17
DA:70,8
DA:71,11
DA:72,11
DA:73,3
DA:77,8
DA:78,8
DA:81,17
DA:82,2
DA:83,1
DA:84,1
DA:85,1
DA:88,17
DA:89,2
DA:90,1
DA:91,1
DA:92,1
DA:95,17
DA:121,1
DA:131,1
DA:146,36
DA:151,2
DA:167,1
DA:168,1
DA:179,1
DA:180,1
DA:210,16
DA:215,2
DA:231,2
DA:232,2
DA:243,1
DA:244,1
LF:52
LH:52
BRDA:21,0,0,43
BRDA:21,0,1,17
BRDA:21,0,2,17
BRDA:21,0,3,9
BRDA:29,1,0,9
BRDA:29,1,1,43
BRDA:30,2,0,9
BRDA:30,2,1,34
BRDA:31,3,0,18
BRDA:31,3,1,16
BRDA:33,4,0,9
BRDA:33,4,1,9
BRDA:35,5,0,8
BRDA:35,5,1,8
BRDA:51,6,0,8
BRDA:51,6,1,0
BRDA:53,7,0,3
BRDA:53,7,1,5
BRDA:62,8,0,12
BRDA:62,8,1,0
BRDA:72,9,0,3
BRDA:72,9,1,8
BRDA:72,10,0,11
BRDA:72,10,1,9
BRDA:82,11,0,1
BRDA:82,11,1,1
BRDA:89,12,0,1
BRDA:89,12,1,1
BRDA:123,13,0,9
BRDA:123,13,1,8
BRDA:133,14,0,8
BRDA:133,14,1,9
BRDA:145,15,0,17
BRDA:145,15,1,9
BRDA:155,16,0,4
BRDA:155,16,1,32
BRDA:189,17,0,1
BRDA:189,17,1,35
BRDA:209,18,0,17
BRDA:209,18,1,8
BRDA:219,19,0,2
BRDA:219,19,1,14
BRDA:232,20,0,2
BRDA:232,20,1,1
BRDA:253,21,0,1
BRDA:253,21,1,15
BRDA:263,22,0,16
BRDA:263,22,1,8
BRF:48
BRH:46
end_of_record
TN:
SF:src/components/Chat/RightSidebar.tsx
FN:25,(anonymous_0)
FN:39,(anonymous_1)
FNF:2
FNH:2
FNDA:5,(anonymous_0)
FNDA:5,(anonymous_1)
DA:25,1
DA:39,5
DA:40,5
DA:41,5
DA:43,5
DA:45,5
LF:6
LH:6
BRDA:30,0,0,5
BRDA:36,1,0,5
BRDA:37,2,0,5
BRDA:49,3,0,5
BRDA:49,3,1,4
BRDA:58,4,0,5
BRDA:58,4,1,4
BRF:7
BRH:7
end_of_record
TN:
SF:src/components/Chat/SelectionScreen.tsx
FN:12,(anonymous_0)
FN:65,(anonymous_1)
FNF:2
FNH:2
FNDA:6,(anonymous_0)
FNDA:1,(anonymous_1)
DA:12,1
DA:17,6
DA:19,6
DA:65,1
LF:4
LH:4
BRDA:69,0,0,1
BRDA:69,0,1,5
BRF:2
BRH:2
end_of_record
TN:
SF:src/components/Chat/SourcesSection.tsx
FN:12,(anonymous_0)
FN:18,(anonymous_1)
FN:19,(anonymous_2)
FN:22,(anonymous_3)
FN:69,(anonymous_4)
FN:92,(anonymous_5)
FN:93,(anonymous_6)
FN:94,(anonymous_7)
FNF:8
FNH:8
FNDA:6,(anonymous_0)
FNDA:6,(anonymous_1)
FNDA:7,(anonymous_2)
FNDA:9,(anonymous_3)
FNDA:8,(anonymous_4)
FNDA:2,(anonymous_5)
FNDA:1,(anonymous_6)
FNDA:1,(anonymous_7)
DA:12,1
DA:18,6
DA:19,7
DA:20,6
DA:22,6
DA:24,9
DA:34,9
DA:36,9
DA:37,8
DA:39,1
DA:40,1
DA:41,1
DA:42,1
DA:43,1
DA:48,6
DA:51,6
DA:70,8
DA:71,8
DA:73,8
DA:74,8
DA:83,8
DA:84,8
DA:85,8
DA:87,8
DA:89,8
DA:92,2
DA:93,1
DA:94,1
LF:28
LH:28
BRDA:19,0,0,7
BRDA:19,0,1,0
BRDA:24,1,0,9
BRDA:24,1,1,6
BRDA:24,1,2,5
BRDA:24,1,3,4
BRDA:24,1,4,3
BRDA:24,1,5,3
BRDA:24,1,6,1
BRDA:24,1,7,0
BRDA:24,1,8,0
BRDA:36,2,0,8
BRDA:36,2,1,1
BRDA:40,3,0,1
BRDA:40,3,1,0
BRDA:40,3,2,0
BRDA:41,4,0,1
BRDA:41,4,1,0
BRDA:41,4,2,0
BRDA:42,5,0,1
BRDA:42,5,1,0
BRDA:63,6,0,1
BRDA:63,6,1,5
BRDA:71,7,0,8
BRDA:71,7,1,6
BRDA:71,7,2,5
BRDA:71,7,3,4
BRDA:71,7,4,3
BRDA:71,7,5,3
BRDA:73,8,0,1
BRDA:73,8,1,7
BRDA:74,9,0,2
BRDA:74,9,1,6
BRDA:75,10,0,2
BRDA:75,10,1,1
BRDA:75,10,2,0
BRDA:76,11,0,2
BRDA:76,11,1,4
BRDA:78,12,0,2
BRDA:78,12,1,2
BRDA:79,13,0,2
BRDA:79,13,1,1
BRDA:83,14,0,8
BRDA:83,14,1,7
BRDA:83,14,2,6
BRDA:83,15,0,2
BRDA:83,15,1,4
BRDA:83,16,0,1
BRDA:83,16,1,3
BRDA:84,17,0,8
BRDA:84,17,1,0
BRDA:85,18,0,2
BRDA:85,18,1,6
BRDA:85,19,0,2
BRDA:85,19,1,4
BRDA:92,20,0,1
BRDA:92,20,1,1
BRDA:92,21,0,1
BRDA:92,21,1,1
BRDA:92,21,2,1
BRDA:98,22,0,1
BRDA:98,22,1,7
BRDA:119,23,0,8
BRDA:119,23,1,0
BRF:64
BRH:53
end_of_record
TN:
SF:src/components/Chat/ThreadSection.tsx
FN:15,(anonymous_0)
FN:56,(anonymous_1)
FN:62,(anonymous_2)
FN:83,(anonymous_3)
FNF:4
FNH:4
FNDA:8,(anonymous_0)
FNDA:14,(anonymous_1)
FNDA:2,(anonymous_2)
FNDA:2,(anonymous_3)
DA:15,1
DA:24,8
DA:57,14
DA:59,14
DA:62,2
DA:84,2
DA:85,2
LF:7
LH:7
BRDA:22,0,0,8
BRDA:32,1,0,8
BRDA:32,1,1,1
BRDA:40,2,0,8
BRDA:40,2,1,7
BRDA:53,3,0,1
BRDA:53,3,1,7
BRDA:66,4,0,6
BRDA:66,4,1,8
BRDA:72,5,0,6
BRDA:72,5,1,8
BRDA:73,6,0,6
BRDA:73,6,1,8
BRDA:74,7,0,14
BRDA:74,7,1,7
BRDA:80,8,0,14
BRDA:80,8,1,12
BRDA:94,9,0,6
BRDA:94,9,1,8
BRF:19
BRH:19
end_of_record
TN:
SF:src/components/Chat/TitlePromptModal.tsx
FN:11,(anonymous_0)
FN:47,(anonymous_1)
FN:59,(anonymous_2)
FNF:3
FNH:3
FNDA:7,(anonymous_0)
FNDA:1,(anonymous_1)
FNDA:2,(anonymous_2)
DA:11,1
DA:12,7
DA:14,7
DA:47,1
DA:59,2
LF:5
LH:5
BRDA:16,0,0,7
BRDA:16,0,1,6
BRF:2
BRH:2
end_of_record
TN:
SF:src/components/Document/CitationGraph.tsx
FN:24,(anonymous_0)
FN:30,(anonymous_1)
FN:32,fetchPrecedente
FN:41,(anonymous_3)
FN:77,(anonymous_4)
FN:89,(anonymous_5)
FN:119,(anonymous_6)
FN:135,(anonymous_7)
FN:159,(anonymous_8)
FN:201,(anonymous_9)
FN:220,CitationTree
FN:227,(anonymous_11)
FNF:12
FNH:11
FNDA:27,(anonymous_0)
FNDA:11,(anonymous_1)
FNDA:11,fetchPrecedente
FNDA:11,(anonymous_3)
FNDA:1,(anonymous_4)
FNDA:3,(anonymous_5)
FNDA:3,(anonymous_6)
FNDA:0,(anonymous_7)
FNDA:1,(anonymous_8)
FNDA:1,(anonymous_9)
FNDA:11,CitationTree
FNDA:9,(anonymous_11)
DA:24,1
DA:25,27
DA:26,27
DA:27,27
DA:28,27
DA:30,27
DA:31,11
DA:33,11
DA:34,11
DA:35,9
DA:36,9
DA:37,9
DA:40,11
DA:41,11
DA:44,27
DA:45,11
DA:55,16
DA:56,1
DA:66,15
DA:68,27
DA:77,1
DA:89,3
DA:120,3
DA:135,0
DA:159,1
DA:201,1
DA:221,11
DA:222,2
DA:225,9
DA:228,9
LF:30
LH:29
BRDA:35,0,0,9
BRDA:35,0,1,0
BRDA:44,1,0,11
BRDA:44,1,1,16
BRDA:55,2,0,1
BRDA:55,2,1,15
BRDA:66,3,0,15
BRDA:66,3,1,11
BRDA:74,4,0,3
BRDA:74,4,1,12
BRDA:79,5,0,1
BRDA:79,5,1,2
BRDA:81,6,0,1
BRDA:81,6,1,2
BRDA:95,7,0,27
BRDA:95,7,1,1
BRDA:95,8,0,9
BRDA:95,8,1,6
BRDA:101,9,0,27
BRDA:101,9,1,1
BRDA:110,10,0,11
BRDA:110,10,1,4
BRDA:116,11,0,1
BRDA:116,11,1,14
BRDA:128,12,0,27
BRDA:128,12,1,3
BRDA:150,13,0,3
BRDA:150,13,1,0
BRDA:169,14,0,3
BRDA:169,14,1,0
BRDA:169,14,2,3
BRDA:176,15,0,3
BRDA:176,15,1,0
BRDA:181,16,0,3
BRDA:181,16,1,3
BRDA:195,17,0,3
BRDA:195,17,1,3
BRDA:221,18,0,2
BRDA:221,18,1,9
BRDA:221,19,0,11
BRDA:221,19,1,10
BRF:41
BRH:37
end_of_record
TN:
SF:src/components/Document/Document.tsx
FN:15,(anonymous_0)
FN:24,(anonymous_1)
FN:35,(anonymous_2)
FN:46,(anonymous_3)
FN:50,(anonymous_4)
FN:54,(anonymous_5)
FN:133,(anonymous_6)
FN:262,(anonymous_7)
FNF:8
FNH:7
FNDA:7,(anonymous_0)
FNDA:7,(anonymous_1)
FNDA:10,(anonymous_2)
FNDA:9,(anonymous_3)
FNDA:9,(anonymous_4)
FNDA:10,(anonymous_5)
FNDA:0,(anonymous_6)
FNDA:2,(anonymous_7)
DA:15,1
DA:16,7
DA:24,1
DA:25,7
DA:26,7
DA:27,6
DA:28,6
DA:29,6
DA:31,0
DA:32,0
DA:35,1
DA:38,10
DA:46,1
DA:48,9
DA:50,1
DA:52,9
DA:54,1
DA:55,10
DA:57,10
DA:58,10
DA:61,10
DA:65,10
DA:68,10
DA:73,10
DA:81,10
DA:133,0
DA:263,2
DA:264,2
LF:28
LH:25
BRDA:17,0,0,7
BRDA:17,0,1,1
BRDA:17,0,2,1
BRDA:17,0,3,1
BRDA:25,1,0,0
BRDA:25,1,1,7
BRDA:26,2,0,1
BRDA:26,2,1,6
BRDA:27,3,0,6
BRDA:27,3,1,0
BRDA:29,4,0,0
BRDA:29,4,1,6
BRDA:31,5,0,0
BRDA:31,5,1,0
BRDA:39,6,0,10
BRDA:39,6,1,9
BRDA:39,6,2,9
BRDA:39,6,3,9
BRDA:61,7,0,10
BRDA:61,7,1,1
BRDA:61,7,2,1
BRDA:61,7,3,0
BRDA:61,7,4,0
BRDA:68,8,0,10
BRDA:68,8,1,9
BRDA:68,8,2,9
BRDA:68,8,3,9
BRDA:73,9,0,9
BRDA:73,9,1,1
BRDA:74,10,0,6
BRDA:74,10,1,3
BRDA:74,11,0,9
BRDA:74,11,1,7
BRDA:76,12,0,1
BRDA:76,12,1,2
BRDA:76,13,0,3
BRDA:76,13,1,1
BRDA:91,14,0,10
BRDA:91,14,1,9
BRDA:91,14,2,7
BRDA:97,15,0,6
BRDA:97,15,1,1
BRDA:106,16,0,1
BRDA:106,16,1,1
BRDA:106,16,2,1
BRDA:106,16,3,1
BRDA:109,17,0,1
BRDA:109,17,1,0
BRDA:112,18,0,1
BRDA:112,18,1,0
BRDA:112,19,0,1
BRDA:112,19,1,1
BRDA:125,20,0,7
BRDA:125,20,1,1
BRDA:125,20,2,1
BRDA:125,20,3,1
BRDA:128,21,0,1
BRDA:128,21,1,0
BRDA:148,22,0,10
BRDA:148,22,1,9
BRDA:150,23,0,9
BRDA:150,23,1,9
BRDA:159,24,0,9
BRDA:159,24,1,7
BRDA:162,25,0,9
BRDA:162,25,1,2
BRDA:162,25,2,7
BRDA:167,26,0,7
BRDA:167,26,1,7
BRDA:172,27,0,7
BRDA:172,27,1,7
BRDA:172,27,2,7
BRDA:175,28,0,7
BRDA:175,28,1,7
BRDA:179,29,0,9
BRDA:179,29,1,7
BRDA:187,30,0,10
BRDA:187,30,1,1
BRDA:194,31,0,10
BRDA:194,31,1,9
BRDA:194,31,2,1
BRDA:197,32,0,1
BRDA:197,32,1,1
BRDA:198,33,0,1
BRDA:198,33,1,1
BRDA:201,34,0,1
BRDA:201,34,1,1
BRDA:203,35,0,1
BRDA:203,35,1,1
BRDA:208,36,0,1
BRDA:208,36,1,1
BRDA:213,37,0,1
BRDA:213,37,1,1
BRDA:224,38,0,10
BRDA:224,38,1,9
BRDA:224,38,2,1
BRDA:227,39,0,1
BRDA:227,39,1,1
BRDA:229,40,0,1
BRDA:229,40,1,1
BRDA:229,40,2,1
BRDA:230,41,0,0
BRDA:230,41,1,1
BRDA:233,42,0,1
BRDA:233,42,1,1
BRDA:233,42,2,1
BRDA:234,43,0,1
BRDA:234,43,1,0
BRDA:238,44,0,1
BRDA:238,44,1,1
BRDA:247,45,0,10
BRDA:247,45,1,9
BRDA:247,45,2,9
BRDA:247,45,3,9
BRDA:247,45,4,9
BRDA:251,46,0,9
BRDA:251,46,1,9
BRDA:251,46,2,9
BRDA:251,46,3,0
BRDA:259,47,0,10
BRDA:259,47,1,3
BRDA:269,48,0,1
BRDA:269,48,1,2
BRDA:271,49,0,1
BRDA:271,49,1,2
BRDA:279,50,0,3
BRDA:279,50,1,1
BRDA:288,51,0,1
BRDA:288,51,1,0
BRDA:300,52,0,10
BRDA:300,52,1,9
BRDA:300,52,2,7
BRF:132
BRH:118
end_of_record
TN:
SF:src/components/Document/DocumentCard.tsx
FN:24,(anonymous_0)
FN:52,(anonymous_1)
FN:82,(anonymous_2)
FN:92,(anonymous_3)
FN:106,(anonymous_4)
FNF:5
FNH:5
FNDA:11,(anonymous_0)
FNDA:3,(anonymous_1)
FNDA:1,(anonymous_2)
FNDA:1,(anonymous_3)
FNDA:2,(anonymous_4)
DA:24,1
DA:41,11
DA:42,11
DA:45,11
DA:47,11
DA:49,11
DA:53,3
DA:54,1
DA:55,1
DA:57,2
DA:82,1
DA:92,1
DA:107,2
DA:108,2
LF:14
LH:14
BRDA:47,0,0,11
BRDA:47,0,1,0
BRDA:47,1,0,11
BRDA:47,1,1,11
BRDA:53,2,0,1
BRDA:53,2,1,2
BRDA:53,3,0,3
BRDA:53,3,1,2
BRDA:60,4,0,2
BRDA:60,4,1,9
BRDA:78,5,0,11
BRDA:78,5,1,10
BRDA:78,5,2,0
BRDA:78,5,3,10
BRDA:80,6,0,10
BRDA:80,6,1,10
BRDA:90,7,0,10
BRDA:90,7,1,10
BRDA:104,8,0,11
BRDA:104,8,1,10
BRDA:104,8,2,10
BRDA:104,8,3,10
BRDA:110,9,0,1
BRDA:110,9,1,9
BRDA:112,10,0,1
BRDA:112,10,1,9
BRDA:114,11,0,1
BRDA:114,11,1,9
BRDA:119,12,0,2
BRDA:119,12,1,9
BRF:30
BRH:28
end_of_record
TN:
SF:src/components/Document/DocumentModals.tsx
FN:20,(anonymous_0)
FN:41,(anonymous_1)
FN:48,(anonymous_2)
FN:74,(anonymous_3)
FNF:4
FNH:4
FNDA:15,(anonymous_0)
FNDA:3,(anonymous_1)
FNDA:5,(anonymous_2)
FNDA:1,(anonymous_3)
DA:20,1
DA:33,15
DA:35,14
DA:42,3
DA:43,2
DA:44,2
DA:48,5
DA:74,1
LF:8
LH:8
BRDA:33,0,0,1
BRDA:33,0,1,14
BRDA:33,1,0,15
BRDA:33,1,1,7
BRDA:42,2,0,1
BRDA:42,2,1,2
BRDA:43,3,0,1
BRDA:43,3,1,1
BRDA:44,4,0,1
BRDA:44,4,1,1
BRDA:58,5,0,14
BRDA:58,5,1,8
BRDA:89,6,0,8
BRDA:89,6,1,7
BRDA:99,7,0,15
BRDA:99,7,1,6
BRDA:125,8,0,6
BRDA:125,8,1,2
BRF:18
BRH:18
end_of_record
TN:
SF:src/components/Document/DropZoneUploader.tsx
FN:16,(anonymous_0)
FN:48,(anonymous_1)
FN:71,(anonymous_2)
FN:78,(anonymous_3)
FNF:4
FNH:4
FNDA:10,(anonymous_0)
FNDA:2,(anonymous_1)
FNDA:4,(anonymous_2)
FNDA:1,(anonymous_3)
DA:16,1
DA:27,10
DA:29,10
DA:48,2
DA:72,4
DA:78,1
LF:6
LH:6
BRDA:38,0,0,0
BRDA:38,0,1,10
BRDA:42,1,0,3
BRDA:42,1,1,7
BRDA:42,2,0,10
BRDA:42,2,1,8
BRDA:48,3,0,2
BRDA:48,3,1,1
BRDA:68,4,0,10
BRDA:68,4,1,2
BRF:10
BRH:9
end_of_record
TN:
SF:src/components/Document/ExtractedTextModal.tsx
FN:13,(anonymous_0)
FN:24,(anonymous_1)
FN:35,(anonymous_2)
FN:42,(anonymous_3)
FN:49,(anonymous_4)
FN:50,(anonymous_5)
FNF:6
FNH:6
FNDA:9,(anonymous_0)
FNDA:1,(anonymous_1)
FNDA:1,(anonymous_2)
FNDA:1,(anonymous_3)
FNDA:1,(anonymous_4)
FNDA:1,(anonymous_5)
DA:13,1
DA:20,9
DA:22,8
DA:24,1
DA:35,1
DA:42,1
DA:49,1
DA:50,1
LF:8
LH:8
BRDA:20,0,0,1
BRDA:20,0,1,8
BRDA:41,1,0,8
BRDA:41,1,1,1
BRF:4
BRH:4
end_of_record
TN:
SF:src/components/Document/LinkedSentences.tsx
FN:15,(anonymous_0)
FN:41,(anonymous_1)
FN:42,(anonymous_2)
FN:44,(anonymous_3)
FN:49,(anonymous_4)
FN:53,(anonymous_5)
FN:57,(anonymous_6)
FN:90,(anonymous_7)
FN:105,(anonymous_8)
FN:123,(anonymous_9)
FN:129,(anonymous_10)
FN:176,(anonymous_11)
FN:197,(anonymous_12)
FN:204,(anonymous_13)
FN:205,(anonymous_14)
FNF:15
FNH:13
FNDA:18,(anonymous_0)
FNDA:1,(anonymous_1)
FNDA:1,(anonymous_2)
FNDA:0,(anonymous_3)
FNDA:1,(anonymous_4)
FNDA:4,(anonymous_5)
FNDA:2,(anonymous_6)
FNDA:1,(anonymous_7)
FNDA:1,(anonymous_8)
FNDA:12,(anonymous_9)
FNDA:1,(anonymous_10)
FNDA:3,(anonymous_11)
FNDA:4,(anonymous_12)
FNDA:2,(anonymous_13)
FNDA:0,(anonymous_14)
DA:15,1
DA:20,18
DA:22,18
DA:25,18
DA:26,18
DA:27,18
DA:30,18
DA:33,18
DA:41,18
DA:42,1
DA:43,1
DA:44,0
DA:49,18
DA:50,1
DA:53,18
DA:54,4
DA:57,18
DA:58,2
DA:61,2
DA:63,2
DA:64,2
DA:65,2
DA:67,2
DA:70,18
DA:71,1
DA:78,17
DA:81,18
DA:90,1
DA:105,1
DA:124,12
DA:125,12
DA:129,1
DA:177,3
DA:198,4
DA:199,4
DA:201,4
DA:204,2
DA:206,0
DA:207,0
DA:208,0
LF:40
LH:36
BRDA:18,0,0,18
BRDA:22,1,0,9
BRDA:22,1,1,9
BRDA:30,2,0,8
BRDA:30,2,1,10
BRDA:43,3,0,0
BRDA:43,3,1,1
BRDA:58,4,0,2
BRDA:58,4,1,0
BRDA:58,4,2,0
BRDA:61,5,0,0
BRDA:61,5,1,2
BRDA:64,6,0,1
BRDA:64,6,1,1
BRDA:67,7,0,1
BRDA:67,7,1,1
BRDA:67,8,0,2
BRDA:67,8,1,1
BRDA:70,9,0,1
BRDA:70,9,1,17
BRDA:78,10,0,17
BRDA:78,10,1,7
BRDA:93,11,0,7
BRDA:93,11,1,10
BRDA:95,12,0,1
BRDA:95,12,1,9
BRDA:100,13,0,8
BRDA:100,13,1,9
BRDA:107,14,0,10
BRDA:107,14,1,7
BRDA:117,15,0,18
BRDA:117,15,1,7
BRDA:117,15,2,7
BRDA:131,16,0,2
BRDA:131,16,1,10
BRDA:145,17,0,7
BRDA:145,17,1,2
BRDA:145,17,2,1
BRDA:148,18,0,7
BRDA:148,18,1,1
BRDA:148,18,2,1
BRDA:149,19,0,1
BRDA:149,19,1,6
BRDA:149,20,0,7
BRDA:149,20,1,1
BRDA:155,21,0,18
BRDA:155,21,1,10
BRDA:155,21,2,6
BRDA:174,22,0,1
BRDA:174,22,1,16
BRDA:180,23,0,11
BRDA:180,23,1,5
BRDA:184,24,0,5
BRDA:184,24,1,6
BRDA:189,25,0,3
BRDA:189,25,1,2
BRDA:199,26,0,4
BRDA:199,26,1,0
BRDA:199,26,2,0
BRDA:206,27,0,0
BRDA:206,27,1,0
BRDA:206,28,0,0
BRDA:206,28,1,0
BRF:63
BRH:53
end_of_record
TN:
SF:src/components/Document/Massima.tsx
FN:28,(anonymous_0)
FN:30,(anonymous_1)
FNF:2
FNH:2
FNDA:8,(anonymous_0)
FNDA:8,(anonymous_1)
DA:28,1
DA:30,8
DA:32,8
DA:33,1
DA:38,7
DA:39,1
DA:43,6
DA:44,1
DA:48,5
DA:49,4
DA:53,1
DA:57,8
DA:58,8
DA:60,8
LF:14
LH:14
BRDA:28,0,0,8
BRDA:28,1,0,8
BRDA:32,2,0,1
BRDA:32,2,1,7
BRDA:32,3,0,8
BRDA:32,3,1,1
BRDA:38,4,0,1
BRDA:38,4,1,6
BRDA:38,5,0,7
BRDA:38,5,1,1
BRDA:38,5,2,1
BRDA:43,6,0,1
BRDA:43,6,1,5
BRDA:43,7,0,6
BRDA:43,7,1,5
BRDA:48,8,0,4
BRDA:48,8,1,1
BRDA:48,9,0,5
BRDA:48,9,1,5
BRDA:48,9,2,2
BRDA:57,10,0,2
BRDA:57,10,1,6
BRDA:68,11,0,1
BRDA:68,11,1,7
BRDA:76,12,0,8
BRDA:76,12,1,1
BRDA:76,12,2,0
BRDA:76,12,3,1
BRF:28
BRH:27
end_of_record
TN:
SF:src/components/Document/MassimaHeader.tsx
FN:11,(anonymous_0)
FNF:1
FNH:1
FNDA:4,(anonymous_0)
DA:11,1
DA:12,4
LF:2
LH:2
BRDA:20,0,0,2
BRDA:20,0,1,2
BRDA:20,1,0,4
BRDA:20,1,1,2
BRDA:25,2,0,2
BRDA:25,2,1,0
BRDA:35,3,0,4
BRDA:35,3,1,2
BRDA:44,4,0,4
BRDA:44,4,1,2
BRDA:49,5,0,4
BRDA:49,5,1,1
BRDA:54,6,0,4
BRDA:54,6,1,1
BRDA:59,7,0,4
BRDA:59,7,1,1
BRDA:65,8,0,4
BRDA:65,8,1,2
BRDA:68,9,0,1
BRDA:68,9,1,1
BRDA:73,10,0,4
BRDA:73,10,1,1
BRDA:78,11,0,4
BRDA:78,11,1,1
BRDA:83,12,0,4
BRDA:83,12,1,1
BRDA:83,12,2,1
BRF:27
BRH:26
end_of_record
TN:
SF:src/components/Document/PdfPreviewSidebar.tsx
FN:11,(anonymous_0)
FN:17,(anonymous_1)
FN:24,(anonymous_2)
FN:32,(anonymous_3)
FN:36,(anonymous_4)
FN:40,(anonymous_5)
FN:44,(anonymous_6)
FN:60,(anonymous_7)
FN:88,(anonymous_8)
FN:104,(anonymous_9)
FN:125,(anonymous_10)
FN:175,(anonymous_11)
FNF:12
FNH:8
FNDA:3,(anonymous_0)
FNDA:6,(anonymous_1)
FNDA:2,(anonymous_2)
FNDA:2,(anonymous_3)
FNDA:0,(anonymous_4)
FNDA:0,(anonymous_5)
FNDA:0,(anonymous_6)
FNDA:0,(anonymous_7)
FNDA:1,(anonymous_8)
FNDA:1,(anonymous_9)
FNDA:6,(anonymous_10)
FNDA:3,(anonymous_11)
DA:11,1
DA:12,3
DA:13,3
DA:14,3
DA:15,3
DA:17,3
DA:18,6
DA:19,0
DA:20,0
DA:21,0
DA:24,3
DA:25,2
DA:26,2
DA:27,1
DA:28,2
DA:32,3
DA:33,2
DA:36,3
DA:37,0
DA:40,3
DA:41,0
DA:44,3
DA:45,0
DA:46,0
DA:47,0
DA:48,0
DA:52,3
DA:60,0
DA:88,1
DA:104,1
DA:125,1
DA:133,6
DA:135,6
DA:140,6
DA:144,6
DA:145,6
DA:146,6
DA:148,6
DA:149,1
DA:150,1
DA:151,1
DA:152,5
DA:153,1
DA:154,1
DA:155,1
DA:158,6
DA:176,3
DA:177,3
DA:178,3
DA:179,1
DA:181,2
DA:182,1
DA:185,1
DA:186,1
LF:54
LH:44
BRDA:18,0,0,6
BRDA:18,0,1,0
BRDA:18,1,0,6
BRDA:18,1,1,0
BRDA:21,2,0,0
BRDA:21,2,1,0
BRDA:25,3,0,2
BRDA:25,3,1,0
BRDA:26,4,0,1
BRDA:26,4,1,1
BRDA:33,5,0,2
BRDA:33,5,1,0
BRDA:37,6,0,0
BRDA:37,6,1,0
BRDA:41,7,0,0
BRDA:41,7,1,0
BRDA:46,8,0,0
BRDA:46,8,1,0
BRDA:65,9,0,1
BRDA:65,9,1,2
BRDA:66,10,0,1
BRDA:66,10,1,2
BRDA:76,11,0,3
BRDA:76,11,1,3
BRDA:100,12,0,1
BRDA:100,12,1,2
BRDA:133,13,0,6
BRDA:133,13,1,0
BRDA:135,14,0,6
BRDA:135,14,1,5
BRDA:135,14,2,5
BRDA:135,14,3,5
BRDA:140,15,0,6
BRDA:140,15,1,5
BRDA:148,16,0,1
BRDA:148,16,1,5
BRDA:152,17,0,1
BRDA:152,17,1,4
BRDA:172,18,0,6
BRDA:172,18,1,3
BRDA:178,19,0,1
BRDA:178,19,1,2
BRDA:216,20,0,6
BRDA:216,20,1,0
BRDA:217,21,0,6
BRDA:217,21,1,0
BRDA:229,22,0,1
BRDA:229,22,1,5
BRDA:230,23,0,1
BRDA:230,23,1,5
BRDA:232,24,0,1
BRDA:232,24,1,4
BRDA:265,25,0,6
BRDA:265,25,1,5
BRF:54
BRH:39
end_of_record
TN:
SF:src/components/Document/RenderContratto.tsx
FN:28,(anonymous_0)
FN:43,(anonymous_1)
FN:69,(anonymous_2)
FNF:3
FNH:3
FNDA:5,(anonymous_0)
FNDA:4,(anonymous_1)
FNDA:2,(anonymous_2)
DA:28,1
DA:29,5
DA:44,4
DA:70,2
LF:4
LH:4
BRDA:32,0,0,5
BRDA:32,0,1,1
BRDA:39,1,0,5
BRDA:39,1,1,2
BRDA:39,1,2,2
BRDA:48,2,0,2
BRDA:48,2,1,2
BRDA:48,3,0,4
BRDA:48,3,1,2
BRDA:54,4,0,4
BRDA:54,4,1,2
BRDA:65,5,0,5
BRDA:65,5,1,1
BRDA:65,5,2,1
BRDA:81,6,0,2
BRDA:81,6,1,1
BRF:16
BRH:16
end_of_record
TN:
SF:src/components/Document/RenderDueDiligence.tsx
FN:52,(anonymous_0)
FN:72,(anonymous_1)
FN:87,(anonymous_2)
FN:113,(anonymous_3)
FN:162,(anonymous_4)
FN:180,(anonymous_5)
FNF:6
FNH:6
FNDA:6,(anonymous_0)
FNDA:1,(anonymous_1)
FNDA:1,(anonymous_2)
FNDA:1,(anonymous_3)
FNDA:4,(anonymous_4)
FNDA:4,(anonymous_5)
DA:52,1
DA:53,6
DA:73,1
DA:88,1
DA:114,1
DA:163,4
DA:181,4
LF:7
LH:7
BRDA:56,0,0,6
BRDA:56,0,1,1
BRDA:58,1,0,1
BRDA:58,1,1,0
BRDA:64,2,0,1
BRDA:64,2,1,5
BRDA:64,3,0,6
BRDA:64,3,1,5
BRDA:68,4,0,1
BRDA:68,4,1,1
BRDA:68,4,2,1
BRDA:83,5,0,1
BRDA:83,5,1,1
BRDA:83,5,2,1
BRDA:91,6,0,1
BRDA:91,6,1,1
BRDA:98,7,0,1
BRDA:98,7,1,1
BRDA:109,8,0,6
BRDA:109,8,1,1
BRDA:109,8,2,1
BRDA:117,9,0,1
BRDA:117,9,1,1
BRDA:145,10,0,1
BRDA:145,10,1,1
BRDA:158,11,0,6
BRDA:158,11,1,2
BRDA:158,11,2,2
BRDA:169,12,0,2
BRDA:169,12,1,2
BRDA:169,13,0,4
BRDA:169,13,1,2
BRDA:176,14,0,4
BRDA:176,14,1,2
BRDA:176,14,2,2
BRF:35
BRH:34
end_of_record
TN:
SF:src/components/Document/RenderFallback.tsx
FN:6,(anonymous_0)
FN:43,(anonymous_1)
FN:58,(anonymous_2)
FN:65,(anonymous_3)
FN:89,(anonymous_4)
FN:100,(anonymous_5)
FN:118,(anonymous_6)
FNF:7
FNH:7
FNDA:17,(anonymous_0)
FNDA:2,(anonymous_1)
FNDA:4,(anonymous_2)
FNDA:4,(anonymous_3)
FNDA:7,(anonymous_4)
FNDA:21,(anonymous_5)
FNDA:11,(anonymous_6)
DA:6,1
DA:8,17
DA:9,1
DA:13,16
DA:14,10
DA:16,6
DA:17,2
DA:21,4
DA:23,1
DA:24,1
DA:25,1
DA:39,3
DA:40,1
DA:41,1
DA:44,2
DA:56,2
DA:57,2
DA:58,4
DA:61,2
DA:63,2
DA:67,4
DA:69,4
DA:85,0
DA:89,1
DA:90,7
DA:99,7
DA:101,21
DA:108,7
DA:120,11
DA:122,11
LF:30
LH:29
BRDA:8,0,0,1
BRDA:8,0,1,16
BRDA:8,1,0,17
BRDA:8,1,1,17
BRDA:8,1,2,17
BRDA:13,2,0,10
BRDA:13,2,1,6
BRDA:13,3,0,16
BRDA:13,3,1,8
BRDA:16,4,0,2
BRDA:16,4,1,4
BRDA:17,5,0,1
BRDA:17,5,1,1
BRDA:21,6,0,1
BRDA:21,6,1,3
BRDA:21,7,0,4
BRDA:21,7,1,4
BRDA:21,7,2,4
BRDA:21,7,3,1
BRDA:39,8,0,1
BRDA:39,8,1,2
BRDA:40,9,0,0
BRDA:40,9,1,1
BRDA:56,10,0,2
BRDA:56,10,1,0
BRDA:58,11,0,4
BRDA:58,11,1,4
BRDA:58,11,2,4
BRDA:58,11,3,4
BRDA:58,12,0,4
BRDA:58,12,1,0
BRDA:61,13,0,0
BRDA:61,13,1,2
BRDA:67,14,0,1
BRDA:67,14,1,3
BRDA:101,15,0,21
BRDA:101,15,1,15
BRDA:101,15,2,14
BRDA:101,15,3,13
BRDA:101,15,4,12
BRDA:105,16,0,12
BRDA:105,16,1,2
BRDA:120,17,0,1
BRDA:120,17,1,10
BRDA:127,18,0,4
BRDA:127,18,1,7
BRF:46
BRH:42
end_of_record
TN:
SF:src/components/Document/RenderGiurisprudenza.tsx
FN:49,(anonymous_0)
FN:61,(anonymous_1)
FN:63,(anonymous_2)
FNF:3
FNH:3
FNDA:7,(anonymous_0)
FNDA:6,(anonymous_1)
FNDA:9,(anonymous_2)
DA:49,1
DA:50,7
DA:52,7
DA:61,7
DA:62,6
DA:64,9
DA:69,7
LF:7
LH:7
BRDA:49,0,0,7
BRDA:73,1,0,7
BRDA:73,1,1,1
BRDA:77,2,0,7
BRDA:77,2,1,4
BRDA:77,2,2,4
BRDA:82,3,0,0
BRDA:82,3,1,4
BRDA:82,4,0,4
BRDA:82,4,1,1
BRDA:85,5,0,1
BRDA:85,5,1,3
BRDA:86,6,0,3
BRDA:86,6,1,1
BRDA:88,7,0,4
BRDA:88,7,1,1
BRDA:89,8,0,4
BRDA:89,8,1,3
BRDA:89,8,2,3
BRDA:94,9,0,7
BRDA:94,9,1,4
BRDA:94,9,2,4
BRDA:101,10,0,1
BRDA:101,10,1,3
BRDA:102,11,0,1
BRDA:102,11,1,3
BRDA:104,12,0,4
BRDA:104,12,1,1
BRDA:109,13,0,7
BRDA:109,13,1,1
BRDA:117,14,0,7
BRDA:117,14,1,5
BRDA:117,14,2,4
BRDA:121,15,0,1
BRDA:121,15,1,3
BRDA:122,16,0,4
BRDA:122,16,1,0
BRDA:122,17,0,4
BRDA:122,17,1,0
BRDA:129,18,0,7
BRDA:129,18,1,3
BRDA:137,19,0,7
BRDA:137,19,1,3
BRDA:141,20,0,7
BRDA:141,20,1,3
BRDA:141,20,2,4
BRDA:141,20,3,0
BRDA:141,20,4,3
BRDA:148,21,0,3
BRDA:148,21,1,3
BRDA:148,21,2,3
BRDA:149,22,0,3
BRDA:149,22,1,0
BRDA:149,23,0,3
BRDA:149,23,1,3
BRDA:156,24,0,3
BRDA:156,24,1,3
BRDA:156,24,2,3
BRDA:170,25,0,7
BRDA:170,25,1,3
BRDA:170,25,2,3
BRDA:174,26,0,7
BRDA:174,26,1,3
BRDA:174,26,2,4
BRDA:180,27,0,4
BRDA:180,27,1,4
BRDA:181,28,0,3
BRDA:181,28,1,1
BRDA:182,29,0,3
BRDA:182,29,1,0
BRDA:187,30,0,4
BRDA:187,30,1,4
BRDA:188,31,0,3
BRDA:188,31,1,1
BRDA:200,32,0,7
BRDA:200,32,1,2
BRDA:200,32,2,1
BRDA:200,32,3,1
BRF:78
BRH:72
end_of_record
TN:
SF:src/components/Document/RenderPreparazioneCaso.tsx
FN:37,(anonymous_0)
FN:64,(anonymous_1)
FN:77,(anonymous_2)
FN:95,(anonymous_3)
FN:115,(anonymous_4)
FNF:5
FNH:5
FNDA:6,(anonymous_0)
FNDA:2,(anonymous_1)
FNDA:2,(anonymous_2)
FNDA:6,(anonymous_3)
FNDA:6,(anonymous_4)
DA:37,1
DA:38,6
DA:65,2
DA:78,2
DA:96,6
DA:116,6
LF:6
LH:6
BRDA:46,0,0,6
BRDA:46,0,1,4
BRDA:50,1,0,6
BRDA:50,1,1,4
BRDA:53,2,0,6
BRDA:53,2,1,2
BRDA:57,3,0,2
BRDA:57,3,1,4
BRDA:57,4,0,6
BRDA:57,4,1,4
BRDA:60,5,0,2
BRDA:60,5,1,2
BRDA:60,5,2,2
BRDA:73,6,0,2
BRDA:73,6,1,2
BRDA:73,6,2,2
BRDA:91,7,0,6
BRDA:91,7,1,3
BRDA:91,7,2,3
BRDA:98,8,0,3
BRDA:98,8,1,3
BRDA:100,9,0,6
BRDA:100,9,1,6
BRDA:101,10,0,6
BRDA:101,10,1,3
BRDA:111,11,0,6
BRDA:111,11,1,3
BRDA:111,11,2,3
BRDA:121,12,0,6
BRDA:121,12,1,3
BRF:30
BRH:30
end_of_record
TN:
SF:src/components/Document/SaveSentenzaButton.tsx
FN:15,SaveSentenzaButton
FN:22,(anonymous_1)
FN:25,(anonymous_2)
FN:35,(anonymous_3)
FN:40,(anonymous_4)
FNF:5
FNH:5
FNDA:20,SaveSentenzaButton
FNDA:7,(anonymous_1)
FNDA:7,(anonymous_2)
FNDA:7,(anonymous_3)
FNDA:4,(anonymous_4)
DA:19,20
DA:20,20
DA:21,20
DA:22,20
DA:23,7
DA:25,7
DA:26,7
DA:27,6
DA:28,6
DA:29,6
DA:31,0
DA:35,7
DA:36,7
DA:40,20
DA:41,4
DA:43,4
DA:44,4
DA:45,4
DA:47,4
DA:48,4
DA:49,3
DA:50,2
DA:52,1
DA:53,1
DA:56,1
DA:57,1
DA:58,1
DA:60,4
DA:64,20
LF:29
LH:28
BRDA:26,0,0,1
BRDA:26,0,1,6
BRDA:26,1,0,7
BRDA:26,1,1,6
BRDA:29,2,0,6
BRDA:29,2,1,0
BRDA:41,3,0,0
BRDA:41,3,1,4
BRDA:41,4,0,4
BRDA:41,4,1,4
BRDA:41,4,2,4
BRDA:48,5,0,3
BRDA:48,5,1,1
BRDA:67,6,0,20
BRDA:67,6,1,13
BRDA:82,7,0,10
BRDA:82,7,1,10
BRDA:88,8,0,7
BRDA:88,8,1,13
BRDA:88,9,0,4
BRDA:88,9,1,9
BRF:21
BRH:19
end_of_record
TN:
SF:src/components/Document/SharedUI.tsx
FN:10,(anonymous_0)
FN:17,(anonymous_1)
FN:23,(anonymous_2)
FNF:3
FNH:3
FNDA:3,(anonymous_0)
FNDA:2,(anonymous_1)
FNDA:2,(anonymous_2)
DA:10,1
DA:11,3
DA:17,1
DA:18,2
DA:23,1
DA:24,2
LF:6
LH:6
BRDA:23,0,0,2
BRF:1
BRH:1
end_of_record
TN:
SF:src/components/Document/YourDocument.tsx
FN:17,(anonymous_0)
FN:60,(anonymous_1)
FN:65,(anonymous_2)
FN:75,(anonymous_3)
FN:93,(anonymous_4)
FN:98,(anonymous_5)
FN:111,(anonymous_6)
FN:117,(anonymous_7)
FN:123,(anonymous_8)
FN:135,(anonymous_9)
FN:147,(anonymous_10)
FN:153,(anonymous_11)
FN:167,(anonymous_12)
FN:173,(anonymous_13)
FN:184,(anonymous_14)
FN:189,(anonymous_15)
FN:203,(anonymous_16)
FN:215,(anonymous_17)
FN:227,(anonymous_18)
FN:301,(anonymous_19)
FN:342,(anonymous_20)
FN:347,(anonymous_21)
FN:350,(anonymous_22)
FN:381,(anonymous_23)
FN:410,(anonymous_24)
FN:433,(anonymous_25)
FN:433,(anonymous_26)
FNF:27
FNH:23
FNDA:25,(anonymous_0)
FNDA:18,(anonymous_1)
FNDA:2,(anonymous_2)
FNDA:27,(anonymous_3)
FNDA:18,(anonymous_4)
FNDA:44,(anonymous_5)
FNDA:1,(anonymous_6)
FNDA:1,(anonymous_7)
FNDA:2,(anonymous_8)
FNDA:2,(anonymous_9)
FNDA:1,(anonymous_10)
FNDA:1,(anonymous_11)
FNDA:0,(anonymous_12)
FNDA:1,(anonymous_13)
FNDA:1,(anonymous_14)
FNDA:0,(anonymous_15)
FNDA:0,(anonymous_16)
FNDA:0,(anonymous_17)
FNDA:2,(anonymous_18)
FNDA:1,(anonymous_19)
FNDA:100,(anonymous_20)
FNDA:100,(anonymous_21)
FNDA:1,(anonymous_22)
FNDA:44,(anonymous_23)
FNDA:18,(anonymous_24)
FNDA:1,(anonymous_25)
FNDA:1,(anonymous_26)
DA:17,1
DA:18,25
DA:19,25
DA:21,25
DA:23,25
DA:24,25
DA:25,25
DA:26,25
DA:28,25
DA:29,25
DA:30,25
DA:31,25
DA:33,25
DA:34,25
DA:35,25
DA:37,25
DA:38,25
DA:40,25
DA:42,25
DA:44,25
DA:45,25
DA:47,25
DA:48,25
DA:50,25
DA:51,25
DA:53,25
DA:54,25
DA:56,25
DA:57,25
DA:58,25
DA:60,25
DA:61,18
DA:62,18
DA:64,18
DA:65,1
DA:66,2
DA:67,2
DA:68,2
DA:69,2
DA:71,2
DA:75,18
DA:76,27
DA:77,1
DA:78,1
DA:80,1
DA:83,26
DA:84,27
DA:86,27
DA:89,18
DA:93,25
DA:94,18
DA:95,18
DA:96,18
DA:98,18
DA:99,44
DA:100,30
DA:102,14
DA:106,18
DA:109,25
DA:111,25
DA:112,1
DA:113,1
DA:114,1
DA:117,25
DA:118,1
DA:119,1
DA:123,25
DA:124,2
DA:125,2
DA:126,1
DA:127,1
DA:129,1
DA:130,1
DA:131,1
DA:135,25
DA:136,2
DA:137,2
DA:138,1
DA:139,1
DA:141,1
DA:142,1
DA:143,1
DA:144,2
DA:147,25
DA:148,1
DA:149,1
DA:150,1
DA:153,25
DA:154,1
DA:155,1
DA:156,1
DA:157,1
DA:158,1
DA:159,1
DA:160,1
DA:162,0
DA:163,0
DA:167,25
DA:168,0
DA:169,0
DA:170,0
DA:173,25
DA:174,1
DA:176,1
DA:177,1
DA:178,1
DA:180,1
DA:181,1
DA:182,1
DA:183,1
DA:184,1
DA:186,0
DA:187,0
DA:188,0
DA:189,0
DA:192,1
DA:193,1
DA:195,0
DA:196,0
DA:197,0
DA:199,1
DA:203,25
DA:204,0
DA:205,0
DA:208,25
DA:215,0
DA:227,2
DA:301,1
DA:343,100
DA:345,100
DA:348,100
DA:351,1
DA:352,1
DA:382,44
DA:383,44
DA:411,18
DA:412,18
DA:433,1
LF:138
LH:123
BRDA:42,0,0,23
BRDA:42,0,1,2
BRDA:44,1,0,23
BRDA:44,1,1,2
BRDA:45,2,0,23
BRDA:45,2,1,2
BRDA:47,3,0,23
BRDA:47,3,1,2
BRDA:48,4,0,23
BRDA:48,4,1,2
BRDA:50,5,0,23
BRDA:50,5,1,2
BRDA:51,6,0,23
BRDA:51,6,1,2
BRDA:53,7,0,23
BRDA:53,7,1,2
BRDA:54,8,0,23
BRDA:54,8,1,2
BRDA:64,9,0,1
BRDA:64,9,1,17
BRDA:66,10,0,2
BRDA:66,10,1,0
BRDA:66,10,2,0
BRDA:66,10,3,0
BRDA:67,11,0,2
BRDA:67,11,1,0
BRDA:67,11,2,0
BRDA:68,12,0,2
BRDA:68,12,1,2
BRDA:69,13,0,2
BRDA:69,13,1,2
BRDA:76,14,0,1
BRDA:76,14,1,26
BRDA:77,15,0,1
BRDA:77,15,1,0
BRDA:77,15,2,0
BRDA:78,16,0,1
BRDA:78,16,1,0
BRDA:78,16,2,0
BRDA:80,17,0,1
BRDA:80,17,1,0
BRDA:83,18,0,26
BRDA:83,18,1,0
BRDA:83,18,2,0
BRDA:84,19,0,27
BRDA:84,19,1,0
BRDA:84,19,2,0
BRDA:86,20,0,0
BRDA:86,20,1,26
BRDA:99,21,0,30
BRDA:99,21,1,14
BRDA:99,22,0,44
BRDA:99,22,1,44
BRDA:112,23,0,1
BRDA:112,23,1,0
BRDA:113,24,0,0
BRDA:113,24,1,1
BRDA:118,25,0,1
BRDA:118,25,1,0
BRDA:125,26,0,1
BRDA:125,26,1,1
BRDA:125,27,0,2
BRDA:125,27,1,2
BRDA:129,28,0,0
BRDA:129,28,1,1
BRDA:129,29,0,1
BRDA:129,29,1,1
BRDA:137,30,0,1
BRDA:137,30,1,1
BRDA:137,31,0,2
BRDA:137,31,1,2
BRDA:141,32,0,0
BRDA:141,32,1,1
BRDA:141,33,0,1
BRDA:141,33,1,1
BRDA:143,34,0,1
BRDA:143,34,1,0
BRDA:155,35,0,0
BRDA:155,35,1,1
BRDA:168,36,0,0
BRDA:168,36,1,0
BRDA:169,37,0,0
BRDA:169,37,1,0
BRDA:174,38,0,0
BRDA:174,38,1,1
BRDA:180,39,0,1
BRDA:180,39,1,0
BRDA:218,40,0,23
BRDA:218,40,1,2
BRDA:230,41,0,2
BRDA:230,41,1,23
BRDA:250,42,0,23
BRDA:250,42,1,2
BRDA:253,43,0,23
BRDA:253,43,1,2
BRDA:260,44,0,25
BRDA:260,44,1,1
BRDA:266,45,0,25
BRDA:266,45,1,1
BRDA:266,45,2,1
BRDA:271,46,0,25
BRDA:271,46,1,0
BRDA:276,47,0,25
BRDA:276,47,1,2
BRDA:276,47,2,1
BRDA:282,48,0,25
BRDA:282,48,1,24
BRDA:282,48,2,23
BRDA:282,48,3,1
BRDA:289,49,0,1
BRDA:289,49,1,0
BRDA:312,50,0,24
BRDA:312,50,1,1
BRDA:313,51,0,24
BRDA:313,51,1,0
BRDA:316,52,0,1
BRDA:316,52,1,0
BRDA:343,53,0,100
BRDA:343,53,1,50
BRDA:355,54,0,0
BRDA:355,54,1,100
BRDA:359,55,0,100
BRDA:359,55,1,25
BRDA:372,56,0,25
BRDA:372,56,1,24
BRDA:372,56,2,23
BRDA:372,56,3,21
BRDA:401,57,0,25
BRDA:401,57,1,24
BRDA:401,57,2,23
BRDA:401,57,3,18
BRDA:429,58,0,25
BRDA:429,58,1,24
BRDA:429,58,2,23
BRDA:429,58,3,1
BRDA:445,59,0,23
BRDA:445,59,1,2
BRDA:447,60,0,23
BRDA:447,60,1,2
BRDA:451,61,0,23
BRDA:451,61,1,2
BRF:141
BRH:108
end_of_record
TN:
SF:src/components/Document/YourDocumentCard.tsx
FN:27,(anonymous_0)
FN:53,(anonymous_1)
FN:72,(anonymous_2)
FN:78,(anonymous_3)
FN:83,(anonymous_4)
FN:103,(anonymous_5)
FN:127,(anonymous_6)
FN:132,(anonymous_7)
FN:172,(anonymous_8)
FN:204,(anonymous_9)
FNF:10
FNH:9
FNDA:28,(anonymous_0)
FNDA:4,(anonymous_1)
FNDA:3,(anonymous_2)
FNDA:1,(anonymous_3)
FNDA:2,(anonymous_4)
FNDA:1,(anonymous_5)
FNDA:0,(anonymous_6)
FNDA:2,(anonymous_7)
FNDA:1,(anonymous_8)
FNDA:1,(anonymous_9)
DA:27,1
DA:36,28
DA:37,28
DA:38,28
DA:39,28
DA:41,28
DA:42,28
DA:43,28
DA:44,28
DA:46,28
DA:47,28
DA:48,1
DA:50,27
DA:53,28
DA:54,4
DA:55,4
DA:57,4
DA:58,4
DA:59,4
DA:60,4
DA:62,3
DA:63,1
DA:65,1
DA:66,1
DA:68,4
DA:72,28
DA:73,3
DA:74,3
DA:75,3
DA:78,28
DA:79,1
DA:80,1
DA:83,28
DA:84,2
DA:85,2
DA:86,1
DA:87,1
DA:89,1
DA:90,1
DA:93,28
DA:95,28
DA:103,1
DA:127,0
DA:132,2
DA:172,1
DA:204,1
LF:46
LH:45
BRDA:31,0,0,28
BRDA:39,1,0,28
BRDA:39,1,1,27
BRDA:39,1,2,0
BRDA:39,1,3,0
BRDA:42,2,0,1
BRDA:42,2,1,27
BRDA:42,3,0,1
BRDA:42,3,1,0
BRDA:43,4,0,28
BRDA:43,4,1,27
BRDA:43,4,2,0
BRDA:43,4,3,0
BRDA:44,5,0,1
BRDA:44,5,1,27
BRDA:47,6,0,1
BRDA:47,6,1,27
BRDA:48,7,0,1
BRDA:48,7,1,0
BRDA:48,7,2,0
BRDA:48,7,3,0
BRDA:48,7,4,0
BRDA:50,8,0,27
BRDA:50,8,1,0
BRDA:50,8,2,0
BRDA:50,8,3,0
BRDA:55,9,0,0
BRDA:55,9,1,4
BRDA:59,10,0,1
BRDA:59,10,1,3
BRDA:62,11,0,2
BRDA:62,11,1,1
BRDA:74,12,0,3
BRDA:74,12,1,3
BRDA:74,12,2,0
BRDA:74,12,3,0
BRDA:85,13,0,1
BRDA:85,13,1,1
BRDA:93,14,0,28
BRDA:93,14,1,27
BRDA:103,15,0,1
BRDA:103,15,1,1
BRDA:111,16,0,1
BRDA:111,16,1,27
BRDA:116,17,0,28
BRDA:116,17,1,27
BRDA:117,18,0,28
BRDA:117,18,1,28
BRDA:118,19,0,0
BRDA:118,19,1,28
BRDA:124,20,0,5
BRDA:124,20,1,23
BRDA:158,21,0,22
BRDA:158,21,1,1
BRDA:186,22,0,4
BRDA:186,22,1,24
BRDA:189,23,0,28
BRDA:189,23,1,23
BRDA:200,24,0,28
BRDA:200,24,1,27
BRDA:206,25,0,23
BRDA:206,25,1,4
BRF:62
BRH:46
end_of_record
TN:
SF:src/components/Document/YourDocumentRenameModal.tsx
FN:13,(anonymous_0)
FN:39,(anonymous_1)
FNF:2
FNH:2
FNDA:8,(anonymous_0)
FNDA:1,(anonymous_1)
DA:13,1
DA:21,8
DA:23,7
DA:39,1
LF:4
LH:4
BRDA:21,0,0,1
BRDA:21,0,1,7
BRDA:54,1,0,7
BRDA:54,1,1,5
BRF:4
BRH:4
end_of_record
TN:
SF:src/components/Guida/Accesso.tsx
FN:3,Accesso
FNF:1
FNH:1
FNDA:5,Accesso
DA:4,5
LF:1
LH:1
BRF:0
BRH:0
end_of_record
TN:
SF:src/components/Guida/AggiornamentoForzato.tsx
FN:3,AggiornamentoForzato
FNF:1
FNH:1
FNDA:5,AggiornamentoForzato
DA:4,5
LF:1
LH:1
BRF:0
BRH:0
end_of_record
TN:
SF:src/components/Guida/AnalisiDocumenti.tsx
FN:3,AnalisiDocumenti
FNF:1
FNH:1
FNDA:6,AnalisiDocumenti
DA:4,6
LF:1
LH:1
BRF:0
BRH:0
end_of_record
TN:
SF:src/components/Guida/AssistenzaSupporto.tsx
FN:3,AssistenzaSupporto
FNF:1
FNH:1
FNDA:5,AssistenzaSupporto
DA:4,5
LF:1
LH:1
BRF:0
BRH:0
end_of_record
TN:
SF:src/components/Guida/Cassazione.tsx
FN:3,Cassazione
FNF:1
FNH:1
FNDA:5,Cassazione
DA:4,5
LF:1
LH:1
BRF:0
BRH:0
end_of_record
TN:
SF:src/components/Guida/ConfigurazioneLeChat.tsx
FN:4,ConfigurazioneLeChat
FN:139,(anonymous_1)
FNF:2
FNH:2
FNDA:5,ConfigurazioneLeChat
FNDA:1,(anonymous_1)
DA:5,5
DA:140,1
DA:141,1
LF:3
LH:3
BRF:0
BRH:0
end_of_record
TN:
SF:src/components/Guida/ConsiglioStato.tsx
FN:1,ConsiglioStato
FNF:1
FNH:1
FNDA:5,ConsiglioStato
DA:2,5
LF:1
LH:1
BRF:0
BRH:0
end_of_record
TN:
SF:src/components/Guida/ConsulenteLegale.tsx
FN:1,ConsulenteLegale
FNF:1
FNH:1
FNDA:6,ConsulenteLegale
DA:2,6
LF:1
LH:1
BRF:0
BRH:0
end_of_record
TN:
SF:src/components/Guida/CorteCostituzionale.tsx
FN:3,CorteCostituzionale
FNF:1
FNH:1
FNDA:4,CorteCostituzionale
DA:4,4
LF:1
LH:1
BRF:0
BRH:0
end_of_record
TN:
SF:src/components/Guida/GestionePiano.tsx
FN:3,GestionePiano
FNF:1
FNH:1
FNDA:6,GestionePiano
DA:4,6
LF:1
LH:1
BRF:0
BRH:0
end_of_record
TN:
SF:src/components/Guida/GestioneTeam.tsx
FN:3,GestioneTeam
FNF:1
FNH:1
FNDA:6,GestioneTeam
DA:4,6
LF:1
LH:1
BRF:0
BRH:0
end_of_record
TN:
SF:src/components/Guida/GuideLayout.tsx
FN:11,GuideLayout
FN:14,(anonymous_1)
FN:18,(anonymous_2)
FN:31,(anonymous_3)
FN:31,(anonymous_4)
FN:55,(anonymous_5)
FN:74,(anonymous_6)
FNF:7
FNH:7
FNDA:11,GuideLayout
FNDA:2,(anonymous_1)
FNDA:33,(anonymous_2)
FNDA:4,(anonymous_3)
FNDA:4,(anonymous_4)
FNDA:22,(anonymous_5)
FNDA:22,(anonymous_6)
DA:12,11
DA:14,11
DA:15,2
DA:18,11
DA:19,33
DA:20,23
DA:23,11
DA:31,4
DA:56,22
DA:75,22
LF:10
LH:10
BRDA:19,0,0,10
BRDA:19,0,1,23
BRDA:19,1,0,33
BRDA:19,1,1,11
BRDA:34,2,0,3
BRDA:34,2,1,8
BRDA:39,3,0,11
BRDA:39,3,1,3
BRDA:51,4,0,3
BRDA:51,4,1,8
BRDA:57,5,0,11
BRDA:57,5,1,11
BRDA:62,6,0,10
BRDA:62,6,1,1
BRDA:72,7,0,22
BRDA:72,7,1,11
BRDA:72,7,2,11
BRDA:80,8,0,1
BRDA:80,8,1,21
BRF:19
BRH:19
end_of_record
TN:
SF:src/components/Guida/InterfacceNavigazione.tsx
FN:3,InterfacceNavigazione
FNF:1
FNH:1
FNDA:4,InterfacceNavigazione
DA:4,4
LF:1
LH:1
BRF:0
BRH:0
end_of_record
TN:
SF:src/components/Guida/Introduzione.tsx
FN:3,Introduzione
FNF:1
FNH:1
FNDA:6,Introduzione
DA:4,6
LF:1
LH:1
BRF:0
BRH:0
end_of_record
TN:
SF:src/components/Guida/ModificaProfilo.tsx
FN:3,ModificaProfilo
FNF:1
FNH:1
FNDA:5,ModificaProfilo
DA:4,5
LF:1
LH:1
BRF:0
BRH:0
end_of_record
TN:
SF:src/components/Guida/PianiLicenze.tsx
FN:3,PianiLicenze
FNF:1
FNH:1
FNDA:6,PianiLicenze
DA:4,6
LF:1
LH:1
BRF:0
BRH:0
end_of_record
TN:
SF:src/components/Guida/ProvaGratuita.tsx
FN:3,ProvaGratuita
FNF:1
FNH:1
FNDA:4,ProvaGratuita
DA:4,4
LF:1
LH:1
BRF:0
BRH:0
end_of_record
TN:
SF:src/components/Guida/QuoteUtilizzo.tsx
FN:3,QuoteUtilizzo
FNF:1
FNH:1
FNDA:5,QuoteUtilizzo
DA:4,5
LF:1
LH:1
BRF:0
BRH:0
end_of_record
TN:
SF:src/components/Guida/RicercaSemantica.tsx
FN:1,RicercaSemantica
FNF:1
FNH:1
FNDA:5,RicercaSemantica
DA:2,5
LF:1
LH:1
BRF:0
BRH:0
end_of_record
TN:
SF:src/components/Info/CTADocument.tsx
FN:6,(anonymous_0)
FN:9,(anonymous_1)
FNF:2
FNH:2
FNDA:2,(anonymous_0)
FNDA:1,(anonymous_1)
DA:6,1
DA:7,2
DA:9,2
DA:10,1
DA:13,2
LF:5
LH:5
BRF:0
BRH:0
end_of_record
TN:
SF:src/components/Info/CTASection.tsx
FN:5,(anonymous_0)
FN:8,(anonymous_1)
FN:66,Benefit
FNF:3
FNH:3
FNDA:2,(anonymous_0)
FNDA:1,(anonymous_1)
FNDA:6,Benefit
DA:5,1
DA:6,2
DA:8,2
DA:9,1
DA:12,2
DA:67,6
LF:6
LH:6
BRF:0
BRH:0
end_of_record
TN:
SF:src/components/Info/ComeFunziona.tsx
FN:26,(anonymous_0)
FN:64,(anonymous_1)
FNF:2
FNH:2
FNDA:3,(anonymous_0)
FNDA:9,(anonymous_1)
DA:5,1
DA:26,1
DA:27,3
DA:29,3
DA:65,9
LF:5
LH:5
BRDA:40,0,0,1
BRDA:40,0,1,2
BRDA:41,1,0,1
BRDA:41,1,1,2
BRDA:43,2,0,1
BRDA:43,2,1,2
BRDA:52,3,0,1
BRDA:52,3,1,2
BRDA:53,4,0,1
BRDA:53,4,1,2
BRDA:55,5,0,1
BRDA:55,5,1,2
BRDA:68,6,0,3
BRDA:68,6,1,6
BRDA:69,7,0,3
BRDA:69,7,1,6
BRDA:72,8,0,3
BRDA:72,8,1,6
BRF:18
BRH:18
end_of_record
TN:
SF:src/components/Info/Footer.tsx
FN:5,(anonymous_0)
FNF:1
FNH:1
FNDA:4,(anonymous_0)
DA:5,1
DA:6,4
DA:9,4
DA:11,4
LF:4
LH:4
BRF:0
BRH:0
end_of_record
TN:
SF:src/components/Info/Header.tsx
FN:9,(anonymous_0)
FN:33,(anonymous_1)
FN:34,(anonymous_2)
FN:34,(anonymous_3)
FN:37,(anonymous_4)
FN:49,(anonymous_5)
FN:65,(anonymous_6)
FN:74,(anonymous_7)
FN:75,(anonymous_8)
FN:80,(anonymous_9)
FN:96,(anonymous_10)
FN:97,(anonymous_11)
FN:106,(anonymous_12)
FN:114,(anonymous_13)
FN:119,(anonymous_14)
FN:120,(anonymous_15)
FN:128,(anonymous_16)
FN:148,(anonymous_17)
FN:227,(anonymous_18)
FNF:19
FNH:19
FNDA:28,(anonymous_0)
FNDA:5,(anonymous_1)
FNDA:7,(anonymous_2)
FNDA:7,(anonymous_3)
FNDA:8,(anonymous_4)
FNDA:3,(anonymous_5)
FNDA:2,(anonymous_6)
FNDA:2,(anonymous_7)
FNDA:2,(anonymous_8)
FNDA:1,(anonymous_9)
FNDA:1,(anonymous_10)
FNDA:2,(anonymous_11)
FNDA:3,(anonymous_12)
FNDA:2,(anonymous_13)
FNDA:20,(anonymous_14)
FNDA:1,(anonymous_15)
FNDA:20,(anonymous_16)
FNDA:56,(anonymous_17)
FNDA:22,(anonymous_18)
DA:9,1
DA:10,28
DA:11,28
DA:13,28
DA:16,28
DA:17,28
DA:20,28
DA:22,28
DA:24,28
DA:25,28
DA:26,28
DA:28,28
DA:33,28
DA:34,28
DA:37,28
DA:38,8
DA:39,5
DA:40,5
DA:41,5
DA:47,3
DA:49,3
DA:50,3
DA:51,3
DA:52,3
DA:53,3
DA:55,3
DA:58,3
DA:65,3
DA:66,2
DA:70,3
DA:71,3
DA:74,3
DA:75,2
DA:76,2
DA:80,3
DA:81,1
DA:82,1
DA:84,1
DA:85,1
DA:90,3
DA:96,3
DA:97,2
DA:98,1
DA:102,0
DA:106,3
DA:107,3
DA:108,3
DA:109,3
DA:110,3
DA:114,28
DA:115,2
DA:116,2
DA:119,28
DA:120,20
DA:121,1
DA:122,1
DA:123,1
DA:127,20
DA:128,20
DA:131,28
DA:149,56
DA:228,22
LF:62
LH:61
BRDA:20,0,0,28
BRDA:20,0,1,27
BRDA:38,1,0,5
BRDA:38,1,1,3
BRDA:55,2,0,0
BRDA:55,2,1,3
BRDA:81,3,0,1
BRDA:81,3,1,0
BRDA:84,4,0,1
BRDA:84,4,1,0
BRDA:108,5,0,3
BRDA:108,5,1,0
BRDA:109,6,0,3
BRDA:109,6,1,0
BRDA:110,7,0,3
BRDA:110,7,1,0
BRDA:116,8,0,1
BRDA:116,8,1,1
BRDA:121,9,0,1
BRDA:121,9,1,0
BRDA:127,10,0,6
BRDA:127,10,1,14
BRDA:160,11,0,28
BRDA:160,11,1,8
BRDA:183,12,0,8
BRDA:183,12,1,2
BRDA:197,13,0,8
BRDA:197,13,1,20
BRDA:207,14,0,11
BRDA:207,14,1,17
BRDA:211,15,0,11
BRDA:211,15,1,17
BRDA:217,16,0,28
BRDA:217,16,1,11
BRDA:221,17,0,0
BRDA:221,17,1,11
BRDA:222,18,0,0
BRDA:222,18,1,11
BRDA:223,19,0,0
BRDA:223,19,1,11
BRDA:224,20,0,0
BRDA:224,20,1,11
BRDA:240,21,0,11
BRDA:240,21,1,1
BRDA:262,22,0,1
BRDA:262,22,1,0
BRDA:274,23,0,1
BRDA:274,23,1,10
BRF:48
BRH:36
end_of_record
TN:
SF:src/components/Info/JurioChatbot.tsx
FN:16,(anonymous_0)
FN:33,(anonymous_1)
FN:42,(anonymous_2)
FN:56,(anonymous_3)
FN:57,(anonymous_4)
FN:66,(anonymous_5)
FN:69,(anonymous_6)
FN:122,(anonymous_7)
FN:133,(anonymous_8)
FN:173,(anonymous_9)
FN:175,(anonymous_10)
FN:222,(anonymous_11)
FN:223,(anonymous_12)
FN:251,(anonymous_13)
FNF:14
FNH:14
FNDA:13,(anonymous_0)
FNDA:12,(anonymous_1)
FNDA:12,(anonymous_2)
FNDA:12,(anonymous_3)
FNDA:4,(anonymous_4)
FNDA:12,(anonymous_5)
FNDA:12,(anonymous_6)
FNDA:1,(anonymous_7)
FNDA:6,(anonymous_8)
FNDA:2,(anonymous_9)
FNDA:2,(anonymous_10)
FNDA:1,(anonymous_11)
FNDA:2,(anonymous_12)
FNDA:1,(anonymous_13)
DA:16,1
DA:28,13
DA:30,13
DA:33,13
DA:34,12
DA:35,12
DA:36,1
DA:42,13
DA:43,12
DA:45,12
DA:46,12
DA:48,9
DA:49,3
DA:51,1
DA:56,13
DA:57,12
DA:58,4
DA:59,2
DA:61,2
DA:65,12
DA:66,12
DA:69,13
DA:70,12
DA:71,9
DA:75,13
DA:122,1
DA:134,6
DA:135,6
DA:137,6
DA:173,2
DA:176,2
DA:222,1
DA:224,2
DA:225,1
DA:226,1
DA:251,1
LF:36
LH:36
BRDA:34,0,0,12
BRDA:34,0,1,0
BRDA:35,1,0,1
BRDA:35,1,1,11
BRDA:43,2,0,0
BRDA:43,2,1,12
BRDA:46,3,0,9
BRDA:46,3,1,3
BRDA:46,4,0,12
BRDA:46,4,1,9
BRDA:49,5,0,1
BRDA:49,5,1,2
BRDA:49,6,0,3
BRDA:49,6,1,3
BRDA:58,7,0,2
BRDA:58,7,1,2
BRDA:70,8,0,9
BRDA:70,8,1,3
BRDA:84,9,0,10
BRDA:84,9,1,3
BRDA:88,10,0,10
BRDA:88,10,1,3
BRDA:138,11,0,3
BRDA:138,11,1,3
BRDA:141,12,0,3
BRDA:141,12,1,3
BRDA:143,13,0,3
BRDA:143,13,1,3
BRDA:150,14,0,3
BRDA:150,14,1,3
BRDA:153,15,0,3
BRDA:153,15,1,3
BRDA:156,16,0,2
BRDA:156,16,1,4
BRDA:156,17,0,6
BRDA:156,17,1,3
BRDA:156,17,2,2
BRDA:169,18,0,6
BRDA:169,18,1,3
BRDA:169,18,2,1
BRDA:169,18,3,1
BRDA:173,19,0,2
BRDA:173,19,1,0
BRDA:195,20,0,13
BRDA:195,20,1,3
BRDA:203,21,0,3
BRDA:203,21,1,2
BRDA:209,22,0,13
BRDA:209,22,1,1
BRDA:224,23,0,1
BRDA:224,23,1,1
BRDA:224,24,0,2
BRDA:224,24,1,2
BRDA:236,25,0,13
BRDA:236,25,1,10
BRDA:240,26,0,1
BRDA:240,26,1,12
BRDA:240,27,0,13
BRDA:240,27,1,2
BRDA:257,28,0,10
BRDA:257,28,1,3
BRF:61
BRH:58
end_of_record
TN:
SF:src/components/Info/SupportForm.tsx
FN:28,(anonymous_0)
FN:30,cx
FN:34,Input
FN:46,(anonymous_3)
FN:56,(anonymous_4)
FN:63,(anonymous_5)
FN:68,(anonymous_6)
FN:78,(anonymous_7)
FN:81,(anonymous_8)
FN:82,(anonymous_9)
FN:84,(anonymous_10)
FN:88,(anonymous_11)
FN:88,(anonymous_12)
FN:88,(anonymous_13)
FN:90,onSubmit
FN:132,(anonymous_15)
FNF:16
FNH:16
FNDA:14,(anonymous_0)
FNDA:190,cx
FNDA:114,Input
FNDA:2,(anonymous_3)
FNDA:3,(anonymous_4)
FNDA:38,(anonymous_5)
FNDA:28,(anonymous_6)
FNDA:28,(anonymous_7)
FNDA:228,(anonymous_8)
FNDA:19,(anonymous_9)
FNDA:19,(anonymous_10)
FNDA:152,(anonymous_11)
FNDA:4,(anonymous_12)
FNDA:4,(anonymous_13)
FNDA:5,onSubmit
FNDA:570,(anonymous_15)
DA:24,1
DA:28,14
DA:31,190
DA:35,114
DA:46,1
DA:47,2
DA:56,1
DA:57,3
DA:63,1
DA:64,38
DA:65,38
DA:66,38
DA:68,38
DA:69,28
DA:70,28
DA:71,28
DA:72,28
DA:73,28
DA:74,28
DA:75,28
DA:78,38
DA:79,38
DA:81,38
DA:82,228
DA:83,19
DA:84,19
DA:85,19
DA:88,152
DA:91,5
DA:92,5
DA:94,5
DA:95,1
DA:96,1
DA:97,1
DA:98,1
DA:101,4
DA:103,4
DA:104,1
DA:105,1
DA:106,1
DA:107,1
DA:110,3
DA:112,3
DA:113,3
DA:114,5
DA:120,2
DA:121,2
DA:122,2
DA:123,2
DA:125,1
DA:126,1
DA:127,1
DA:128,1
DA:132,570
DA:133,38
DA:134,38
DA:136,38
LF:57
LH:57
BRDA:70,0,0,12
BRDA:70,0,1,16
BRDA:71,1,0,16
BRDA:71,1,1,12
BRDA:71,2,0,28
BRDA:71,2,1,14
BRDA:72,3,0,19
BRDA:72,3,1,9
BRDA:73,4,0,22
BRDA:73,4,1,6
BRDA:74,5,0,25
BRDA:74,5,1,3
BRDA:83,6,0,3
BRDA:83,6,1,16
BRDA:85,7,0,1
BRDA:85,7,1,18
BRDA:92,8,0,0
BRDA:92,8,1,5
BRDA:94,9,0,1
BRDA:94,9,1,4
BRDA:103,10,0,1
BRDA:103,10,1,3
BRDA:113,11,0,3
BRDA:113,11,1,0
BRDA:125,12,0,1
BRDA:125,12,1,0
BRDA:132,13,0,570
BRDA:132,13,1,117
BRDA:152,14,0,38
BRDA:152,14,1,3
BRDA:157,15,0,38
BRDA:157,15,1,2
BRDA:187,16,0,7
BRDA:187,16,1,31
BRDA:190,17,0,38
BRDA:190,17,1,7
BRDA:197,18,0,5
BRDA:197,18,1,33
BRDA:200,19,0,38
BRDA:200,19,1,5
BRDA:209,20,0,4
BRDA:209,20,1,34
BRDA:212,21,0,38
BRDA:212,21,1,4
BRDA:223,22,0,2
BRDA:223,22,1,36
BRDA:227,23,0,38
BRDA:227,23,1,2
BRDA:230,24,0,1
BRDA:230,24,1,37
BRDA:239,25,0,38
BRDA:239,25,1,1
BRDA:248,26,0,38
BRDA:248,26,1,3
BRDA:249,27,0,3
BRDA:249,27,1,35
BRF:56
BRH:53
end_of_record
TN:
SF:src/components/Info/SupportSidebar.tsx
FN:3,(anonymous_0)
FN:7,(anonymous_1)
FN:8,(anonymous_2)
FN:24,(anonymous_3)
FN:30,(anonymous_4)
FN:32,(anonymous_5)
FNF:6
FNH:6
FNDA:9,(anonymous_0)
FNDA:6,(anonymous_1)
FNDA:3,(anonymous_2)
FNDA:6,(anonymous_3)
FNDA:9,(anonymous_4)
FNDA:1,(anonymous_5)
DA:3,1
DA:4,9
DA:5,9
DA:7,9
DA:8,6
DA:12,6
DA:17,6
DA:19,2
DA:21,4
DA:24,6
DA:25,6
DA:26,6
DA:30,9
DA:31,9
DA:32,3
DA:36,9
LF:16
LH:16
BRDA:17,0,0,2
BRDA:17,0,1,4
BRDA:25,1,0,1
BRDA:25,1,1,5
BRDA:25,2,0,6
BRDA:25,2,1,2
BRDA:26,3,0,4
BRDA:26,3,1,2
BRDA:31,4,0,3
BRDA:31,4,1,6
BRDA:31,5,0,9
BRDA:31,5,1,3
BRDA:50,6,0,3
BRDA:50,6,1,6
BRF:14
BRH:14
end_of_record
TN:
SF:src/components/Plans/CurrentPlanCard.tsx
FN:21,(anonymous_0)
FN:109,(anonymous_1)
FN:131,(anonymous_2)
FN:132,(anonymous_3)
FN:151,(anonymous_4)
FN:153,(anonymous_5)
FNF:6
FNH:6
FNDA:6,(anonymous_0)
FNDA:1,(anonymous_1)
FNDA:3,(anonymous_2)
FNDA:2,(anonymous_3)
FNDA:2,(anonymous_4)
FNDA:2,(anonymous_5)
DA:21,1
DA:32,6
DA:109,1
DA:131,3
DA:133,2
DA:151,2
DA:154,2
LF:7
LH:7
BRDA:38,0,0,1
BRDA:38,0,1,5
BRDA:51,1,0,1
BRDA:51,1,1,5
BRDA:55,2,0,1
BRDA:55,2,1,4
BRDA:59,3,0,2
BRDA:59,3,1,2
BRDA:65,4,0,1
BRDA:65,4,1,1
BRDA:71,5,0,1
BRDA:71,5,1,5
BRDA:73,6,0,1
BRDA:73,6,1,4
BRDA:75,7,0,1
BRDA:75,7,1,3
BRDA:77,8,0,3
BRDA:77,8,1,1
BRDA:80,9,0,2
BRDA:80,9,1,4
BRDA:80,10,0,6
BRDA:80,10,1,5
BRDA:80,10,2,4
BRDA:87,11,0,6
BRDA:87,11,1,1
BRDA:87,11,2,1
BRDA:93,12,0,6
BRDA:93,12,1,1
BRDA:98,13,0,6
BRDA:98,13,1,1
BRDA:106,14,0,4
BRDA:106,14,1,2
BRDA:126,15,0,1
BRDA:126,15,1,5
BRDA:126,16,0,6
BRDA:126,16,1,1
BRDA:144,17,0,1
BRDA:144,17,1,5
BRDA:144,18,0,6
BRDA:144,18,1,1
BRF:40
BRH:40
end_of_record
TN:
SF:src/components/Plans/DiscountCoupon.tsx
FN:12,(anonymous_0)
FN:22,(anonymous_1)
FN:49,(anonymous_2)
FN:86,(anonymous_3)
FN:151,(anonymous_4)
FNF:5
FNH:5
FNDA:21,(anonymous_0)
FNDA:4,(anonymous_1)
FNDA:4,(anonymous_2)
FNDA:5,(anonymous_3)
FNDA:1,(anonymous_4)
DA:12,1
DA:17,21
DA:18,21
DA:19,21
DA:22,21
DA:23,4
DA:24,4
DA:26,4
DA:27,4
DA:28,4
DA:30,2
DA:38,2
DA:42,2
DA:43,2
DA:45,4
DA:49,21
DA:50,4
DA:51,4
DA:52,4
DA:56,21
DA:86,5
DA:152,1
DA:153,1
LF:23
LH:23
BRDA:33,0,0,2
BRDA:33,0,1,1
BRDA:38,1,0,1
BRDA:38,1,1,1
BRDA:51,2,0,4
BRDA:51,2,1,0
BRDA:60,3,0,19
BRDA:60,3,1,2
BRDA:93,4,0,19
BRDA:93,4,1,13
BRDA:96,5,0,4
BRDA:96,5,1,15
BRDA:101,6,0,19
BRDA:101,6,1,2
BRF:14
BRH:13
end_of_record
TN:
SF:src/components/Plans/PaymentHistory.tsx
FN:10,(anonymous_0)
FN:15,(anonymous_1)
FN:20,(anonymous_2)
FN:39,(anonymous_3)
FN:118,(anonymous_4)
FN:148,(anonymous_5)
FNF:6
FNH:6
FNDA:11,(anonymous_0)
FNDA:7,(anonymous_1)
FNDA:6,(anonymous_2)
FNDA:6,(anonymous_3)
FNDA:2,(anonymous_4)
FNDA:2,(anonymous_5)
DA:10,1
DA:11,11
DA:12,11
DA:13,11
DA:15,11
DA:16,7
DA:18,6
DA:20,6
DA:21,6
DA:22,6
DA:24,6
DA:25,6
DA:26,3
DA:28,2
DA:29,2
DA:30,2
DA:33,5
DA:37,6
DA:39,6
DA:40,6
DA:45,11
DA:46,7
DA:55,4
DA:56,2
DA:68,2
DA:69,1
DA:88,1
DA:119,2
DA:149,2
LF:29
LH:29
BRDA:16,0,0,1
BRDA:16,0,1,6
BRDA:26,1,0,2
BRDA:26,1,1,1
BRDA:28,2,0,2
BRDA:28,2,1,0
BRDA:29,3,0,1
BRDA:29,3,1,1
BRDA:33,4,0,4
BRDA:33,4,1,1
BRDA:45,5,0,7
BRDA:45,5,1,4
BRDA:55,6,0,2
BRDA:55,6,1,2
BRDA:68,7,0,1
BRDA:68,7,1,1
BRDA:126,8,0,2
BRDA:126,8,1,1
BRDA:138,9,0,1
BRDA:138,9,1,1
BRDA:162,10,0,2
BRDA:162,10,1,1
BRDA:177,11,0,1
BRDA:177,11,1,1
BRF:24
BRH:23
end_of_record
TN:
SF:src/components/Plans/PaymentModal.tsx
FN:16,toPlanId
FN:29,parsePrice
FN:35,(anonymous_2)
FN:54,(anonymous_3)
FN:64,PaymentModal
FN:72,(anonymous_5)
FN:73,(anonymous_6)
FN:75,(anonymous_7)
FN:77,(anonymous_8)
FN:79,(anonymous_9)
FN:81,(anonymous_10)
FN:84,(anonymous_11)
FN:88,(anonymous_12)
FN:106,(anonymous_13)
FN:163,(anonymous_14)
FN:167,(anonymous_15)
FNF:16
FNH:16
FNDA:17,toPlanId
FNDA:35,parsePrice
FNDA:18,(anonymous_2)
FNDA:34,(anonymous_3)
FNDA:18,PaymentModal
FNDA:17,(anonymous_5)
FNDA:17,(anonymous_6)
FNDA:18,(anonymous_7)
FNDA:17,(anonymous_8)
FNDA:1,(anonymous_9)
FNDA:15,(anonymous_10)
FNDA:17,(anonymous_11)
FNDA:15,(anonymous_12)
FNDA:1,(anonymous_13)
FNDA:1,(anonymous_14)
FNDA:1,(anonymous_15)
DA:17,17
DA:18,5
DA:19,4
DA:20,2
DA:21,1
DA:22,2
DA:23,1
DA:24,1
DA:25,1
DA:30,35
DA:31,19
DA:32,1
DA:35,1
DA:36,18
DA:37,18
DA:39,17
DA:40,17
DA:42,17
DA:43,18
DA:45,18
DA:46,18
DA:48,18
DA:49,2
DA:50,15
DA:51,1
DA:54,34
DA:56,17
DA:72,18
DA:73,18
DA:75,18
DA:77,18
DA:78,17
DA:79,15
DA:80,15
DA:81,15
DA:84,18
DA:85,17
DA:86,15
DA:87,15
DA:88,15
DA:91,18
DA:106,1
DA:164,1
DA:165,1
DA:167,1
LF:45
LH:45
BRDA:17,0,0,5
BRDA:17,0,1,4
BRDA:17,0,2,2
BRDA:17,0,3,1
BRDA:17,0,4,2
BRDA:17,0,5,1
BRDA:17,0,6,1
BRDA:17,0,7,1
BRDA:30,1,0,16
BRDA:30,1,1,19
BRDA:30,2,0,35
BRDA:30,2,1,19
BRDA:30,2,2,19
BRDA:31,3,0,18
BRDA:31,3,1,1
BRDA:37,4,0,1
BRDA:37,4,1,17
BRDA:42,5,0,17
BRDA:42,5,1,2
BRDA:43,6,0,18
BRDA:43,6,1,17
BRDA:43,6,2,2
BRDA:45,7,0,18
BRDA:45,7,1,2
BRDA:46,8,0,2
BRDA:46,8,1,15
BRDA:48,9,0,2
BRDA:48,9,1,15
BRDA:50,10,0,1
BRDA:50,10,1,14
BRDA:54,11,0,32
BRDA:54,11,1,2
BRDA:58,12,0,17
BRDA:58,12,1,15
BRDA:78,13,0,2
BRDA:78,13,1,15
BRDA:79,14,0,1
BRDA:79,14,1,0
BRDA:85,15,0,2
BRDA:85,15,1,15
BRDA:93,16,0,18
BRDA:93,16,1,16
BRDA:106,17,0,1
BRDA:106,17,1,0
BRDA:126,18,0,16
BRDA:126,18,1,16
BRDA:128,19,0,16
BRDA:128,19,1,1
BRDA:138,20,0,16
BRDA:138,20,1,3
BRF:50
BRH:48
end_of_record
TN:
SF:src/components/Plans/PlansGrid.tsx
FN:22,(anonymous_0)
FN:46,(anonymous_1)
FN:55,(anonymous_2)
FN:93,(anonymous_3)
FN:154,(anonymous_4)
FN:155,(anonymous_5)
FN:177,(anonymous_6)
FNF:7
FNH:7
FNDA:9,(anonymous_0)
FNDA:1,(anonymous_1)
FNDA:1,(anonymous_2)
FNDA:17,(anonymous_3)
FNDA:41,(anonymous_4)
FNDA:33,(anonymous_5)
FNDA:3,(anonymous_6)
DA:22,1
DA:34,9
DA:46,1
DA:55,1
DA:70,9
DA:94,17
DA:96,17
DA:100,17
DA:108,17
DA:110,17
DA:154,41
DA:156,33
DA:177,3
LF:13
LH:13
BRDA:40,0,0,1
BRDA:40,0,1,8
BRDA:48,1,0,1
BRDA:48,1,1,8
BRDA:57,2,0,8
BRDA:57,2,1,1
BRDA:87,3,0,1
BRDA:87,3,1,8
BRDA:88,4,0,1
BRDA:88,4,1,8
BRDA:89,5,0,1
BRDA:89,5,1,8
BRDA:90,6,0,1
BRDA:90,6,1,8
BRDA:96,7,0,17
BRDA:96,7,1,13
BRDA:96,7,2,4
BRDA:96,7,3,2
BRDA:96,7,4,15
BRDA:96,7,5,4
BRDA:100,8,0,2
BRDA:100,8,1,15
BRDA:100,9,0,17
BRDA:100,9,1,13
BRDA:100,9,2,4
BRDA:100,9,3,2
BRDA:101,10,0,2
BRDA:101,10,1,13
BRDA:101,11,0,15
BRDA:101,11,1,11
BRDA:101,11,2,6
BRDA:104,12,0,8
BRDA:104,12,1,5
BRDA:115,13,0,12
BRDA:115,13,1,5
BRDA:115,14,0,17
BRDA:115,14,1,9
BRDA:121,15,0,17
BRDA:121,15,1,12
BRDA:133,16,0,17
BRDA:133,16,1,8
BRDA:166,17,0,2
BRDA:166,17,1,15
BRDA:166,18,0,17
BRDA:166,18,1,13
BRDA:166,18,2,4
BRDA:166,18,3,2
BRDA:180,19,0,2
BRDA:180,19,1,13
BRDA:180,20,0,15
BRDA:180,20,1,4
BRDA:182,21,0,8
BRDA:182,21,1,5
BRF:53
BRH:53
end_of_record
TN:
SF:src/components/Plans/StripeCheckout.tsx
FN:11,StripeCheckout
FN:26,(anonymous_1)
FN:28,(anonymous_2)
FN:45,(anonymous_3)
FN:66,(anonymous_4)
FNF:5
FNH:5
FNDA:12,StripeCheckout
FNDA:5,(anonymous_1)
FNDA:5,(anonymous_2)
FNDA:5,(anonymous_3)
FNDA:2,(anonymous_4)
DA:19,12
DA:20,12
DA:21,12
DA:22,12
DA:23,12
DA:24,12
DA:26,12
DA:27,5
DA:28,5
DA:29,5
DA:30,5
DA:31,5
DA:32,5
DA:33,5
DA:34,5
DA:35,5
DA:37,0
DA:38,0
DA:39,0
DA:40,0
DA:42,5
DA:45,5
DA:48,12
DA:49,5
DA:58,7
DA:59,7
DA:60,12
DA:62,12
DA:63,12
DA:66,12
DA:67,2
DA:68,2
DA:70,2
DA:76,1
DA:77,1
DA:78,2
DA:80,1
DA:81,1
DA:82,1
DA:83,1
DA:87,12
LF:41
LH:37
BRDA:13,0,0,12
BRDA:33,1,0,0
BRDA:33,1,1,5
BRDA:37,2,0,0
BRDA:37,2,1,0
BRDA:38,3,0,0
BRDA:38,3,1,0
BRDA:42,4,0,5
BRDA:42,4,1,0
BRDA:48,5,0,5
BRDA:48,5,1,7
BRDA:48,6,0,12
BRDA:48,6,1,11
BRDA:48,6,2,7
BRDA:48,6,3,7
BRDA:59,7,0,7
BRDA:59,7,1,1
BRDA:60,8,0,1
BRDA:60,8,1,6
BRDA:96,9,0,12
BRDA:96,9,1,1
BRDA:110,10,0,1
BRDA:110,10,1,6
BRDA:133,11,0,12
BRDA:133,11,1,2
BRDA:134,12,0,2
BRDA:134,12,1,5
BRF:27
BRH:21
end_of_record
TN:
SF:src/components/Plans/TeamPlansSection.tsx
FN:18,(anonymous_0)
FN:57,(anonymous_1)
FN:59,(anonymous_2)
FN:60,(anonymous_3)
FN:71,(anonymous_4)
FN:126,(anonymous_5)
FN:198,(anonymous_6)
FN:215,(anonymous_7)
FNF:8
FNH:8
FNDA:8,(anonymous_0)
FNDA:8,(anonymous_1)
FNDA:29,(anonymous_2)
FNDA:14,(anonymous_3)
FNDA:21,(anonymous_4)
FNDA:1,(anonymous_5)
FNDA:1,(anonymous_6)
FNDA:1,(anonymous_7)
DA:18,1
DA:25,8
DA:26,8
DA:33,8
DA:35,8
DA:58,8
DA:59,29
DA:60,14
DA:62,8
DA:63,1
DA:71,7
DA:72,21
DA:73,21
DA:74,21
DA:78,21
DA:80,21
DA:126,1
DA:198,1
DA:215,1
LF:19
LH:19
BRDA:23,0,0,8
BRDA:59,1,0,29
BRDA:59,1,1,8
BRDA:59,2,0,29
BRDA:59,2,1,0
BRDA:59,3,0,8
BRDA:59,3,1,0
BRDA:60,4,0,14
BRDA:60,4,1,0
BRDA:60,5,0,14
BRDA:60,5,1,0
BRDA:62,6,0,1
BRDA:62,6,1,7
BRDA:72,7,0,21
BRDA:72,7,1,21
BRDA:74,8,0,21
BRDA:74,8,1,0
BRDA:74,9,0,21
BRDA:74,9,1,21
BRDA:84,10,0,7
BRDA:84,10,1,14
BRDA:90,11,0,21
BRDA:90,11,1,7
BRDA:96,12,0,7
BRDA:96,12,1,14
BRDA:102,13,0,7
BRDA:102,13,1,14
BRDA:115,14,0,7
BRDA:115,14,1,14
BRDA:128,15,0,7
BRDA:128,15,1,14
BRF:31
BRH:26
end_of_record
TN:
SF:src/components/Profile/CloudPickerModal.tsx
FN:16,(anonymous_0)
FN:29,(anonymous_1)
FN:74,(anonymous_2)
FN:85,(anonymous_3)
FN:132,(anonymous_4)
FN:135,(anonymous_5)
FNF:6
FNH:5
FNDA:11,(anonymous_0)
FNDA:2,(anonymous_1)
FNDA:0,(anonymous_2)
FNDA:1,(anonymous_3)
FNDA:3,(anonymous_4)
FNDA:3,(anonymous_5)
DA:16,1
DA:21,11
DA:22,11
DA:24,11
DA:26,11
DA:29,10
DA:30,2
DA:31,2
DA:34,2
DA:37,1
DA:40,1
DA:42,1
DA:43,1
DA:45,2
DA:49,10
DA:74,0
DA:85,1
DA:133,3
DA:135,3
DA:136,3
DA:137,3
DA:139,0
LF:22
LH:20
BRDA:26,0,0,1
BRDA:26,0,1,10
BRDA:76,1,0,9
BRDA:76,1,1,1
BRDA:87,2,0,1
BRDA:87,2,1,9
BRDA:102,3,0,11
BRDA:102,3,1,1
BRDA:115,4,0,11
BRDA:115,4,1,9
BRDA:118,5,0,1
BRDA:118,5,1,8
BRDA:118,6,0,9
BRDA:118,6,1,9
BRF:14
BRH:14
end_of_record
TN:
SF:src/components/Profile/EditProfileAvatar.tsx
FN:13,(anonymous_0)
FN:55,(anonymous_1)
FNF:2
FNH:2
FNDA:7,(anonymous_0)
FNDA:2,(anonymous_1)
DA:13,1
DA:20,7
DA:56,2
DA:57,2
DA:58,1
DA:59,1
LF:6
LH:6
BRDA:25,0,0,1
BRDA:25,0,1,6
BRDA:26,1,0,1
BRDA:26,1,1,6
BRDA:29,2,0,5
BRDA:29,2,1,2
BRDA:43,3,0,2
BRDA:43,3,1,1
BRDA:57,4,0,1
BRDA:57,4,1,1
BRF:10
BRH:10
end_of_record
TN:
SF:src/components/Profile/EditProfileConsents.tsx
FN:10,(anonymous_0)
FN:20,(anonymous_1)
FN:38,(anonymous_2)
FNF:3
FNH:3
FNDA:5,(anonymous_0)
FNDA:10,(anonymous_1)
FNDA:2,(anonymous_2)
DA:10,1
DA:15,5
DA:21,10
DA:22,10
DA:26,10
DA:28,10
DA:38,2
LF:7
LH:7
BRDA:26,0,0,5
BRDA:26,0,1,5
BRDA:32,1,0,2
BRDA:32,1,1,8
BRDA:44,2,0,5
BRDA:44,2,1,5
BRDA:48,3,0,2
BRDA:48,3,1,8
BRDA:48,4,0,4
BRDA:48,4,1,4
BRDA:53,5,0,10
BRDA:53,5,1,5
BRDA:61,6,0,1
BRDA:61,6,1,4
BRDA:62,7,0,1
BRDA:62,7,1,4
BRDA:63,8,0,1
BRDA:63,8,1,4
BRF:18
BRH:18
end_of_record
TN:
SF:src/components/Profile/EditProfileForm.tsx
FN:21,(anonymous_0)
FN:39,(anonymous_1)
FN:49,(anonymous_2)
FN:69,(anonymous_3)
FN:72,(anonymous_4)
FN:91,(anonymous_5)
FNF:6
FNH:6
FNDA:7,(anonymous_0)
FNDA:1,(anonymous_1)
FNDA:1,(anonymous_2)
FNDA:1,(anonymous_3)
[...]
BRDA:213,25,1,0
BRDA:214,26,0,1
BRDA:214,26,1,0
BRDA:249,27,0,2
BRDA:249,27,1,3
BRDA:249,28,0,5
BRDA:249,28,1,4
BRDA:269,29,0,1
BRDA:269,29,1,1
BRF:62
BRH:48
end_of_record
TN:
SF:src/services/documentsFascicoli.ts
FN:5,listFascicoliByUser
FN:19,(anonymous_1)
FN:28,(anonymous_2)
FN:33,(anonymous_3)
FN:52,(anonymous_4)
FN:64,(anonymous_5)
FN:87,(anonymous_6)
FNF:7
FNH:7
FNDA:3,listFascicoliByUser
FNDA:3,(anonymous_1)
FNDA:1,(anonymous_2)
FNDA:4,(anonymous_3)
FNDA:4,(anonymous_4)
FNDA:2,(anonymous_5)
FNDA:1,(anonymous_6)
DA:6,3
DA:7,3
DA:8,3
DA:17,3
DA:19,3
DA:20,3
DA:21,3
DA:29,1
DA:33,1
DA:34,4
DA:35,4
DA:37,4
DA:38,4
DA:39,4
DA:40,4
DA:42,3
DA:44,3
DA:45,3
DA:47,3
DA:48,4
DA:49,4
DA:50,4
DA:52,4
DA:53,4
DA:54,4
DA:64,4
DA:65,2
DA:66,2
DA:68,2
DA:69,1
DA:70,0
DA:72,0
DA:75,4
DA:77,4
DA:83,4
DA:84,4
DA:87,3
DA:88,1
DA:89,1
DA:90,1
DA:93,3
DA:95,3
DA:97,1
DA:98,1
LF:44
LH:42
BRDA:23,0,0,3
BRDA:23,0,1,1
BRDA:24,1,0,3
BRDA:24,1,1,1
BRDA:25,2,0,3
BRDA:25,2,1,1
BRDA:26,3,0,3
BRDA:26,3,1,1
BRDA:56,4,0,4
BRDA:56,4,1,0
BRDA:57,5,0,4
BRDA:57,5,1,0
BRDA:59,6,0,4
BRDA:59,6,1,3
BRDA:68,7,0,1
BRDA:68,7,1,1
BRDA:69,8,0,1
BRDA:69,8,1,0
BRDA:69,9,0,1
BRDA:69,9,1,1
BRDA:70,10,0,0
BRDA:70,10,1,0
BRDA:70,11,0,0
BRDA:70,11,1,0
BRF:24
BRH:17
end_of_record
TN:
SF:src/services/documentsHelpers.ts
FN:25,normalizeTipoDocumento
FN:37,toDateSafe
FN:61,_mapFirestoreDocToMassima
FN:92,buildNumeroSentenza
FN:100,parseSezioneUrn
FN:121,normalizeUpperSpaces
FN:125,normalizeNumeroSentenzaFirstPart
FN:130,buildUrnFromMassima
FN:162,lowerArrayOrString
FN:165,(anonymous_9)
FNF:10
FNH:10
FNDA:11,normalizeTipoDocumento
FNDA:11,toDateSafe
FNDA:2,_mapFirestoreDocToMassima
FNDA:4,buildNumeroSentenza
FNDA:25,parseSezioneUrn
FNDA:10,normalizeUpperSpaces
FNDA:14,normalizeNumeroSentenzaFirstPart
FNDA:9,buildUrnFromMassima
FNDA:9,lowerArrayOrString
FNDA:6,(anonymous_9)
DA:26,11
DA:32,5
DA:34,6
DA:38,11
DA:39,3
DA:40,3
DA:41,2
DA:42,2
DA:43,2
DA:49,10
DA:50,9
DA:51,3
DA:52,3
DA:54,7
DA:55,1
DA:56,1
DA:58,6
DA:65,2
DA:66,2
DA:67,2
DA:68,2
DA:69,2
DA:80,2
DA:82,1
DA:84,0
DA:86,0
DA:88,1
DA:93,4
DA:94,4
DA:96,2
DA:97,4
DA:101,25
DA:102,21
DA:104,21
DA:105,19
DA:107,17
DA:113,17
DA:114,123
DA:117,2
DA:118,2
DA:122,10
DA:126,14
DA:127,12
DA:131,9
DA:132,9
DA:133,9
DA:134,9
DA:135,9
DA:136,9
DA:138,9
DA:139,3
DA:142,6
DA:144,6
DA:145,1
DA:148,5
DA:149,2
DA:150,2
DA:151,2
DA:154,3
DA:155,2
DA:156,2
DA:159,1
DA:163,9
DA:164,7
DA:165,3
DA:166,6
DA:167,6
DA:168,6
DA:170,3
DA:172,4
DA:173,2
DA:174,2
DA:176,2
LF:73
LH:71
BRDA:26,0,0,5
BRDA:26,0,1,6
BRDA:27,1,0,11
BRDA:27,1,1,9
BRDA:27,1,2,8
BRDA:27,1,3,7
BRDA:38,2,0,3
BRDA:38,2,1,8
BRDA:38,3,0,11
BRDA:38,3,1,8
BRDA:38,3,2,4
BRDA:40,4,0,2
BRDA:40,4,1,1
BRDA:43,5,0,1
BRDA:43,5,1,1
BRDA:43,6,0,2
BRDA:43,6,1,1
BRDA:49,7,0,1
BRDA:49,7,1,9
BRDA:49,8,0,10
BRDA:49,8,1,1
BRDA:50,9,0,3
BRDA:50,9,1,6
BRDA:52,10,0,2
BRDA:52,10,1,1
BRDA:54,11,0,1
BRDA:54,11,1,6
BRDA:56,12,0,1
BRDA:56,12,1,0
BRDA:80,13,0,1
BRDA:80,13,1,0
BRDA:80,13,2,0
BRDA:80,13,3,1
BRDA:93,14,0,4
BRDA:93,14,1,1
BRDA:94,15,0,2
BRDA:94,15,1,2
BRDA:94,16,0,4
BRDA:94,16,1,3
BRDA:96,17,0,2
BRDA:96,17,1,0
BRDA:97,18,0,1
BRDA:97,18,1,1
BRDA:97,19,0,4
BRDA:97,19,1,2
BRDA:101,20,0,4
BRDA:101,20,1,21
BRDA:104,21,0,2
BRDA:104,21,1,19
BRDA:105,22,0,2
BRDA:105,22,1,17
BRDA:114,23,0,15
BRDA:114,23,1,108
BRDA:118,24,0,1
BRDA:118,24,1,1
BRDA:126,25,0,2
BRDA:126,25,1,12
BRDA:131,26,0,9
BRDA:131,26,1,0
BRDA:138,27,0,3
BRDA:138,27,1,6
BRDA:138,28,0,9
BRDA:138,28,1,9
BRDA:138,28,2,8
BRDA:138,28,3,7
BRDA:138,28,4,6
BRDA:144,29,0,1
BRDA:144,29,1,5
BRDA:148,30,0,2
BRDA:148,30,1,3
BRDA:149,31,0,1
BRDA:149,31,1,1
BRDA:150,32,0,1
BRDA:150,32,1,1
BRDA:154,33,0,2
BRDA:154,33,1,1
BRDA:155,34,0,1
BRDA:155,34,1,1
BRDA:163,35,0,2
BRDA:163,35,1,7
BRDA:164,36,0,3
BRDA:164,36,1,4
BRDA:167,37,0,2
BRDA:167,37,1,4
BRDA:170,38,0,1
BRDA:170,38,1,2
BRDA:172,39,0,2
BRDA:172,39,1,2
BRDA:174,40,0,1
BRDA:174,40,1,1
BRF:90
BRH:85
end_of_record
TN:
SF:src/services/firebase.ts
FNF:0
FNH:0
DA:22,6
DA:32,6
LF:2
LH:2
BRDA:32,0,0,2
BRDA:32,0,1,4
BRF:2
BRH:2
end_of_record
TN:
SF:src/services/optionalService.ts
FN:8,initAnalytics
FN:22,initPerformance
FN:34,initializeOptionalServices
FN:42,(anonymous_3)
FN:57,getAnalyticsInstance
FN:61,getPerf
FNF:6
FNH:6
FNDA:8,initAnalytics
FNDA:9,initPerformance
FNDA:10,initializeOptionalServices
FNDA:9,(anonymous_3)
FNDA:7,getAnalyticsInstance
FNDA:3,getPerf
DA:5,9
DA:6,9
DA:9,8
DA:11,8
DA:12,8
DA:13,8
DA:14,6
DA:15,6
DA:18,1
DA:23,9
DA:25,9
DA:26,9
DA:27,9
DA:28,9
DA:30,2
DA:35,10
DA:39,9
DA:42,9
DA:43,9
DA:44,8
DA:49,9
DA:50,6
DA:53,3
DA:58,7
DA:62,3
LF:25
LH:25
BRDA:9,0,0,0
BRDA:9,0,1,8
BRDA:13,1,0,6
BRDA:13,1,1,2
BRDA:23,2,0,0
BRDA:23,2,1,9
BRDA:35,3,0,1
BRDA:35,3,1,9
BRDA:43,4,0,8
BRDA:43,4,1,1
BRDA:49,5,0,6
BRDA:49,5,1,3
BRDA:49,6,0,9
BRDA:49,6,1,6
BRF:14
BRH:12
end_of_record
TN:
SF:src/services/paymentService.ts
FN:15,(anonymous_0)
FN:48,(anonymous_1)
FN:65,(anonymous_2)
FN:83,(anonymous_3)
FNF:4
FNH:4
FNDA:3,(anonymous_0)
FNDA:2,(anonymous_1)
FNDA:2,(anonymous_2)
FNDA:2,(anonymous_3)
DA:15,1
DA:16,3
DA:17,2
DA:24,2
DA:26,2
DA:33,2
DA:40,2
DA:45,2
DA:48,2
DA:49,2
DA:50,2
DA:65,2
DA:66,2
DA:67,2
DA:83,2
DA:85,2
LF:16
LH:16
BRDA:16,0,0,1
BRDA:16,0,1,2
BRDA:54,1,0,2
BRDA:54,1,1,0
BRDA:57,2,0,2
BRDA:57,2,1,0
BRDA:58,3,0,2
BRDA:58,3,1,0
BRDA:71,4,0,2
BRDA:71,4,1,0
BRDA:74,5,0,2
BRDA:74,5,1,0
BRDA:76,6,0,2
BRDA:76,6,1,0
BRF:14
BRH:8
end_of_record
TN:
SF:src/services/perf.ts
FN:6,withTrace
FNF:1
FNH:1
FNDA:3,withTrace
DA:13,3
DA:15,3
DA:17,3
DA:18,1
DA:21,2
DA:25,2
DA:30,2
DA:32,2
DA:33,8
DA:37,2
DA:40,6
DA:41,1
DA:45,5
DA:49,8
DA:51,8
DA:52,1
DA:56,5
DA:61,5
DA:64,2
DA:66,2
DA:67,2
DA:69,2
LF:22
LH:22
BRDA:17,0,0,1
BRDA:17,0,1,2
BRDA:33,1,0,2
BRDA:33,1,1,6
BRDA:34,2,0,8
BRDA:34,2,1,7
BRDA:40,3,0,1
BRDA:40,3,1,5
BRDA:45,4,0,1
BRDA:45,4,1,4
BRDA:51,5,0,1
BRDA:51,5,1,7
BRF:12
BRH:12
end_of_record
TN:
SF:src/services/plans.ts
FN:137,formatPriceEUR
FN:145,fetchPlansFromDb
FN:149,(anonymous_2)
FN:160,(anonymous_3)
FN:165,getPreloadedPlans
FNF:5
FNH:5
FNDA:9,formatPriceEUR
FNDA:2,fetchPlansFromDb
FNDA:5,(anonymous_2)
FNDA:5,(anonymous_3)
FNDA:1,getPreloadedPlans
DA:28,1
DA:135,1
DA:138,9
DA:146,2
DA:147,2
DA:149,2
DA:150,5
DA:151,5
DA:153,5
DA:160,5
DA:162,2
DA:166,1
LF:12
LH:12
BRDA:160,0,0,5
BRDA:160,0,1,0
BRDA:160,1,0,5
BRDA:160,1,1,1
BRF:4
BRH:3
end_of_record
TN:
SF:src/services/promptDb.ts
FN:6,getPromptDb
FN:9,(anonymous_1)
FNF:2
FNH:2
FNDA:3,getPromptDb
FNDA:2,(anonymous_1)
DA:4,2
DA:7,3
DA:8,2
DA:9,2
DA:13,3
LF:5
LH:5
BRDA:7,0,0,2
BRDA:7,0,1,1
BRF:2
BRH:2
end_of_record
TN:
SF:src/services/riferimentiTranslator.ts
FN:42,(anonymous_0)
FN:49,(anonymous_1)
FN:51,uniqStable
FN:65,firstNumberish
FN:72,extractFirstArticle
FN:82,extractComma
FN:98,extractLetter
FN:104,extractNnum
FN:110,extractPar
FN:116,detectSource
FN:212,toKey
FN:257,translateRiferimento
FN:276,makeRiferimentiNormativiKeys
FNF:13
FNH:13
FNDA:14,(anonymous_0)
FNDA:56,(anonymous_1)
FNDA:3,uniqStable
FNDA:4,firstNumberish
FNDA:8,extractFirstArticle
FNDA:8,extractComma
FNDA:8,extractLetter
FNDA:6,extractNnum
FNDA:6,extractPar
FNDA:12,detectSource
FNDA:5,toKey
FNDA:5,translateRiferimento
FNDA:3,makeRiferimentiNormativiKeys
DA:24,1
DA:42,1
DA:43,14
DA:49,56
DA:52,3
DA:53,3
DA:54,3
DA:55,8
DA:56,8
DA:57,5
DA:58,5
DA:61,3
DA:66,4
DA:67,4
DA:73,8
DA:74,8
DA:77,8
DA:79,7
DA:83,8
DA:86,8
DA:87,8
DA:89,4
DA:90,4
DA:92,4
DA:93,4
DA:95,4
DA:99,8
DA:100,8
DA:101,8
DA:105,6
DA:106,6
DA:107,6
DA:111,6
DA:112,6
DA:113,6
DA:117,12
DA:120,12
DA:121,12
DA:124,11
DA:125,1
DA:131,10
DA:132,10
DA:133,1
DA:134,1
DA:135,1
DA:136,1
DA:139,9
DA:143,9
DA:144,0
DA:145,0
DA:146,0
DA:147,0
DA:148,0
DA:149,0
DA:153,9
DA:154,9
DA:157,9
DA:158,4
DA:159,3
DA:160,3
DA:163,3
DA:164,3
DA:165,3
DA:166,3
DA:169,3
DA:170,0
DA:171,3
DA:172,0
DA:173,3
DA:174,3
DA:177,3
DA:178,3
DA:179,3
DA:180,3
DA:181,3
DA:184,3
DA:187,2
DA:190,2
DA:191,1
DA:192,1
DA:193,1
DA:196,1
DA:206,1
DA:209,1
DA:213,5
DA:215,5
DA:217,5
DA:218,5
DA:220,0
DA:221,0
DA:224,0
DA:225,0
DA:226,0
DA:228,0
DA:229,0
DA:231,0
DA:232,0
DA:234,0
DA:235,0
DA:238,0
DA:242,5
DA:245,5
DA:246,5
DA:247,5
DA:249,5
DA:250,5
DA:252,5
DA:253,5
DA:258,5
DA:259,5
DA:261,5
DA:270,5
DA:272,5
DA:277,3
DA:278,3
DA:279,3
DA:280,2
DA:281,1
DA:283,1
DA:286,2
DA:287,2
DA:288,4
DA:289,4
DA:291,2
LF:124
LH:104
BRDA:56,0,0,5
BRDA:56,0,1,3
BRDA:67,1,0,3
BRDA:67,1,1,1
BRDA:77,2,0,1
BRDA:77,2,1,7
BRDA:87,3,0,4
BRDA:87,3,1,4
BRDA:87,4,0,8
BRDA:87,4,1,4
BRDA:90,5,0,4
BRDA:90,5,1,6
BRDA:93,6,0,4
BRDA:93,6,1,4
BRDA:93,6,2,4
BRDA:93,6,3,3
BRDA:101,7,0,2
BRDA:101,7,1,6
BRDA:107,8,0,1
BRDA:107,8,1,5
BRDA:113,9,0,1
BRDA:113,9,1,5
BRDA:121,10,0,1
BRDA:121,10,1,11
BRDA:124,11,0,1
BRDA:124,11,1,10
BRDA:124,12,0,11
BRDA:124,12,1,10
BRDA:132,13,0,1
BRDA:132,13,1,9
BRDA:143,14,0,0
BRDA:143,14,1,9
BRDA:145,15,0,0
BRDA:145,15,1,0
BRDA:148,16,0,0
BRDA:148,16,1,0
BRDA:153,17,0,0
BRDA:153,17,1,9
BRDA:154,18,0,0
BRDA:154,18,1,9
BRDA:157,19,0,5
BRDA:157,19,1,4
BRDA:158,20,0,1
BRDA:158,20,1,3
BRDA:159,21,0,0
BRDA:159,21,1,3
BRDA:160,22,0,0
BRDA:160,22,1,3
BRDA:163,23,0,0
BRDA:163,23,1,3
BRDA:164,24,0,0
BRDA:164,24,1,3
BRDA:165,25,0,0
BRDA:165,25,1,3
BRDA:166,26,0,0
BRDA:166,26,1,3
BRDA:169,27,0,0
BRDA:169,27,1,3
BRDA:169,28,0,3
BRDA:169,28,1,3
BRDA:171,29,0,0
BRDA:171,29,1,3
BRDA:171,30,0,3
BRDA:171,30,1,3
BRDA:173,31,0,0
BRDA:173,31,1,3
BRDA:174,32,0,0
BRDA:174,32,1,3
BRDA:177,33,0,0
BRDA:177,33,1,3
BRDA:178,34,0,0
BRDA:178,34,1,3
BRDA:179,35,0,0
BRDA:179,35,1,3
BRDA:180,36,0,0
BRDA:180,36,1,3
BRDA:181,37,0,0
BRDA:181,37,1,3
BRDA:181,38,0,3
BRDA:181,38,1,3
BRDA:184,39,0,1
BRDA:184,39,1,2
BRDA:184,40,0,3
BRDA:184,40,1,2
BRDA:190,41,0,1
BRDA:190,41,1,1
BRDA:196,42,0,1
BRDA:196,42,1,0
BRDA:196,43,0,1
BRDA:196,43,1,0
BRDA:198,44,0,0
BRDA:198,44,1,0
BRDA:198,45,0,0
BRDA:198,45,1,0
BRDA:200,46,0,0
BRDA:200,46,1,0
BRDA:200,47,0,0
BRDA:200,47,1,0
BRDA:202,48,0,0
BRDA:202,48,1,0
BRDA:202,49,0,0
BRDA:202,49,1,0
BRDA:215,50,0,5
BRDA:215,50,1,0
BRDA:215,50,2,0
BRDA:215,50,3,0
BRDA:215,50,4,0
BRDA:215,50,5,0
BRDA:215,50,6,0
BRDA:220,51,0,0
BRDA:220,51,1,0
BRDA:224,52,0,0
BRDA:224,52,1,0
BRDA:225,53,0,0
BRDA:225,53,1,0
BRDA:242,54,0,5
BRDA:242,54,1,0
BRDA:245,55,0,0
BRDA:245,55,1,5
BRDA:246,56,0,1
BRDA:246,56,1,4
BRDA:247,57,0,0
BRDA:247,57,1,5
BRDA:249,58,0,5
BRDA:249,58,1,5
BRDA:249,58,2,5
BRDA:250,59,0,0
BRDA:250,59,1,5
BRDA:250,60,0,5
BRDA:250,60,1,0
BRDA:252,61,0,0
BRDA:252,61,1,5
BRDA:278,62,0,1
BRDA:278,62,1,2
BRDA:279,63,0,3
BRDA:279,63,1,0
BRDA:280,64,0,1
BRDA:280,64,1,1
BRDA:289,65,0,4
BRDA:289,65,1,0
BRF:140
BRH:84
end_of_record
TN:
SF:src/services/saveSentences.ts
FN:10,savedSentenzaRef
FN:16,isSentenzaSaved
FN:23,saveSentenza
FN:36,removeSentenza
FN:42,deleteSaveSentence
FN:53,listSavedSentenzeByUser
FN:66,(anonymous_6)
FN:72,(anonymous_7)
FN:80,(anonymous_8)
FN:94,(anonymous_9)
FN:98,chunk
FNF:11
FNH:11
FNDA:5,savedSentenzaRef
FNDA:2,isSentenzaSaved
FNDA:1,saveSentenza
FNDA:1,removeSentenza
FNDA:2,deleteSaveSentence
FNDA:3,listSavedSentenzeByUser
FNDA:4,(anonymous_6)
FNDA:4,(anonymous_7)
FNDA:4,(anonymous_8)
FNDA:4,(anonymous_9)
FNDA:2,chunk
DA:11,5
DA:12,5
DA:13,5
DA:17,2
DA:18,2
DA:19,2
DA:20,2
DA:24,1
DA:25,1
DA:26,1
DA:37,1
DA:38,1
DA:39,1
DA:46,2
DA:47,2
DA:48,2
DA:49,1
DA:50,1
DA:56,3
DA:57,3
DA:61,3
DA:62,3
DA:63,3
DA:65,3
DA:67,4
DA:68,4
DA:69,4
DA:70,4
DA:72,4
DA:74,3
DA:76,2
DA:78,2
DA:79,2
DA:81,4
DA:82,4
DA:84,3
DA:88,2
DA:89,4
DA:93,2
DA:94,4
DA:99,2
DA:100,2
DA:101,2
LF:43
LH:43
BRDA:48,0,0,1
BRDA:48,0,1,1
BRDA:68,1,0,4
BRDA:68,1,1,0
BRDA:74,2,0,1
BRDA:74,2,1,2
BRDA:82,3,0,1
BRDA:82,3,1,3
BRDA:89,4,0,3
BRDA:89,4,1,1
BRF:10
BRH:9
end_of_record
TN:
SF:src/services/search.ts
FN:11,loadUserSearchTerms
FN:28,(anonymous_1)
FN:29,(anonymous_2)
FN:32,saveUserSearchTerm
FN:52,findByNumeroSentenza
FN:93,(anonymous_5)
FN:99,(anonymous_6)
FN:104,fetchSentencesByIdsOrdered
FN:123,findNormativaFromUserQuery
FN:158,(anonymous_9)
FN:165,findBySottocategoria
FN:190,(anonymous_11)
FN:193,loadDistinctSottocategorie
FN:207,(anonymous_13)
FN:216,fetchCortePaginata
FN:283,(anonymous_15)
FN:295,isAuthzError
FN:313,isUnavailableError
FN:317,isNetworkError
FNF:19
FNH:19
FNDA:1,loadUserSearchTerms
FNDA:4,(anonymous_1)
FNDA:4,(anonymous_2)
FNDA:2,saveUserSearchTerm
FNDA:2,findByNumeroSentenza
FNDA:3,(anonymous_5)
FNDA:2,(anonymous_6)
FNDA:1,fetchSentencesByIdsOrdered
FNDA:2,findNormativaFromUserQuery
FNDA:1,(anonymous_9)
FNDA:2,findBySottocategoria
FNDA:1,(anonymous_11)
FNDA:2,loadDistinctSottocategorie
FNDA:3,(anonymous_13)
FNDA:1,fetchCortePaginata
FNDA:1,(anonymous_15)
FNDA:4,isAuthzError
FNDA:2,isUnavailableError
FNDA:3,isNetworkError
DA:15,1
DA:16,1
DA:20,1
DA:26,1
DA:27,1
DA:28,4
DA:29,4
DA:36,2
DA:37,2
DA:39,1
DA:41,1
DA:42,1
DA:44,1
DA:45,1
DA:55,2
DA:56,2
DA:57,2
DA:59,2
DA:60,2
DA:62,2
DA:63,2
DA:64,2
DA:65,2
DA:66,2
DA:67,2
DA:68,2
DA:69,2
DA:70,2
DA:71,2
DA:73,2
DA:76,2
DA:80,2
DA:81,2
DA:84,2
DA:90,2
DA:93,2
DA:94,3
DA:97,2
DA:99,2
DA:107,1
DA:108,1
DA:110,1
DA:112,1
DA:113,3
DA:114,3
DA:117,2
DA:120,1
DA:127,2
DA:128,2
DA:130,1
DA:131,1
DA:133,1
DA:134,1
DA:138,1
DA:139,1
DA:142,1
DA:154,2
DA:155,1
DA:158,1
DA:162,1
DA:169,2
DA:170,2
DA:172,1
DA:173,1
DA:177,1
DA:186,1
DA:187,1
DA:190,1
DA:194,2
DA:196,2
DA:198,2
DA:200,2
DA:201,2
DA:202,2
DA:203,1
DA:206,1
DA:207,3
DA:211,1
DA:212,1
DA:229,1
DA:230,1
DA:234,1
DA:237,1
DA:238,1
DA:240,1
DA:241,1
DA:243,1
DA:244,1
DA:247,1
DA:248,1
DA:251,1
DA:252,1
DA:255,1
DA:256,1
DA:259,1
DA:260,1
DA:263,1
DA:264,1
DA:265,1
DA:266,1
DA:271,0
DA:275,1
DA:276,1
DA:279,1
DA:281,1
DA:283,1
DA:287,1
DA:296,4
DA:297,2
DA:299,2
DA:300,2
DA:301,2
DA:310,0
DA:314,2
DA:318,3
DA:319,3
DA:320,3
LF:117
LH:115
BRDA:13,0,0,1
BRDA:29,1,0,4
BRDA:29,1,1,3
BRDA:37,2,0,1
BRDA:37,2,1,1
BRDA:62,3,0,2
BRDA:62,3,1,0
BRDA:76,4,0,2
BRDA:76,4,1,0
BRDA:85,5,0,2
BRDA:85,5,1,0
BRDA:97,6,0,1
BRDA:97,6,1,1
BRDA:114,7,0,1
BRDA:114,7,1,2
BRDA:125,8,0,2
BRDA:128,9,0,1
BRDA:128,9,1,1
BRDA:131,10,0,0
BRDA:131,10,1,1
BRDA:142,11,0,1
BRDA:142,11,1,0
BRDA:155,12,0,0
BRDA:155,12,1,1
BRDA:167,13,0,2
BRDA:170,14,0,1
BRDA:170,14,1,1
BRDA:187,15,0,0
BRDA:187,15,1,1
BRDA:203,16,0,0
BRDA:203,16,1,1
BRDA:223,17,0,1
BRDA:224,18,0,1
BRDA:225,19,0,1
BRDA:226,20,0,1
BRDA:237,21,0,1
BRDA:237,21,1,0
BRDA:240,22,0,1
BRDA:240,22,1,0
BRDA:243,23,0,1
BRDA:243,23,1,0
BRDA:247,24,0,1
BRDA:247,24,1,0
BRDA:251,25,0,1
BRDA:251,25,1,0
BRDA:255,26,0,1
BRDA:255,26,1,0
BRDA:259,27,0,1
BRDA:259,27,1,0
BRDA:263,28,0,1
BRDA:263,28,1,0
BRDA:265,29,0,1
BRDA:265,29,1,0
BRDA:265,30,0,1
BRDA:265,30,1,1
BRDA:275,31,0,1
BRDA:275,31,1,0
BRDA:289,32,0,1
BRDA:289,32,1,0
BRDA:296,33,0,2
BRDA:296,33,1,2
BRDA:297,34,0,2
BRDA:297,34,1,1
BRDA:299,35,0,2
BRDA:299,35,1,0
BRDA:302,36,0,2
BRDA:302,36,1,2
BRDA:302,36,2,2
BRDA:302,36,3,2
BRDA:302,36,4,1
BRDA:302,36,5,1
BRDA:314,37,0,2
BRDA:314,37,1,1
BRDA:318,38,0,0
BRDA:318,38,1,3
BRDA:321,39,0,3
BRDA:321,39,1,2
BRDA:321,39,2,1
BRF:78
BRH:57
end_of_record
TN:
SF:src/services/security.ts
FN:3,getCurrentUser
FN:10,getCurrentUserId
FN:15,getSecurityTokens
FNF:3
FNH:3
FNDA:7,getCurrentUser
FNDA:2,getCurrentUserId
FNDA:3,getSecurityTokens
DA:4,7
DA:6,7
DA:7,7
DA:11,2
DA:12,2
DA:19,3
DA:21,3
DA:22,1
DA:25,2
DA:27,2
DA:29,2
DA:32,2
DA:34,2
DA:36,2
DA:37,2
DA:38,2
DA:39,1
DA:42,1
DA:48,2
LF:19
LH:19
BRDA:12,0,0,2
BRDA:12,0,1,1
BRDA:21,1,0,1
BRDA:21,1,1,2
BRDA:36,2,0,2
BRDA:36,2,1,0
BRF:6
BRH:5
end_of_record
TN:
SF:src/services/sessionLogic.ts
FN:9,forceSessionTakeover
FN:37,clearLocalSession
FNF:2
FNH:2
FNDA:2,forceSessionTakeover
FNDA:1,clearLocalSession
DA:10,2
DA:11,2
DA:13,2
DA:14,1
DA:17,1
DA:20,1
DA:25,2
DA:28,2
DA:29,2
DA:38,1
DA:39,1
DA:40,1
LF:12
LH:12
BRDA:13,0,0,1
BRDA:13,0,1,1
BRDA:20,1,0,1
BRDA:20,1,1,0
BRDA:20,2,0,1
BRDA:20,2,1,1
BRF:6
BRH:5
end_of_record
TN:
SF:src/services/storage.ts
FN:4,uploadAvatar
FN:13,loadSentence
FN:26,deleteAccountFolder
FN:30,(anonymous_3)
FN:34,(anonymous_4)
FN:47,getDocumentStorage
FN:64,deleteDocumentStorage
FN:83,getAvatar
FNF:8
FNH:8
FNDA:1,uploadAvatar
FNDA:1,loadSentence
FNDA:2,deleteAccountFolder
FNDA:4,(anonymous_3)
FNDA:2,(anonymous_4)
FNDA:3,getDocumentStorage
FNDA:4,deleteDocumentStorage
FNDA:2,getAvatar
DA:5,1
DA:6,1
DA:8,1
DA:9,1
DA:10,1
DA:18,1
DA:19,1
DA:21,1
DA:22,1
DA:23,1
DA:27,2
DA:28,2
DA:30,2
DA:31,4
DA:32,4
DA:33,4
DA:34,3
DA:35,3
DA:38,1
DA:42,2
DA:44,2
DA:51,3
DA:52,3
DA:53,3
DA:54,3
DA:55,3
DA:57,2
DA:58,1
DA:60,1
DA:68,4
DA:69,4
DA:71,4
DA:72,4
DA:73,4
DA:75,3
DA:76,2
DA:77,1
DA:79,1
DA:84,2
DA:85,2
DA:86,2
DA:87,2
DA:88,2
DA:90,2
DA:92,1
DA:94,1
LF:46
LH:46
BRDA:57,0,0,1
BRDA:57,0,1,1
BRDA:57,1,0,2
BRDA:57,1,1,2
BRDA:75,2,0,2
BRDA:75,2,1,1
BRDA:76,3,0,1
BRDA:76,3,1,1
BRF:8
BRH:8
end_of_record
TN:
SF:src/services/storageClient.ts
FN:3,getStorageClient
FNF:1
FNH:1
FNDA:1,getStorageClient
DA:4,1
DA:5,1
LF:2
LH:2
BRF:0
BRH:0
end_of_record
TN:
SF:src/services/user.ts
FN:13,userExists
FN:21,getUser
FN:30,saveUserData
FN:40,deleteUser
FN:102,(anonymous_4)
FN:103,(anonymous_5)
FN:133,(anonymous_6)
FN:163,(anonymous_7)
FN:194,(anonymous_8)
FN:195,(anonymous_9)
FN:210,(anonymous_10)
FN:219,(anonymous_11)
FN:234,getRegisterPlanId
FN:246,fetchRegisterDoc
FN:255,exportUserData
FN:291,(anonymous_15)
FN:317,(anonymous_16)
FN:329,(anonymous_17)
FN:332,(anonymous_18)
FN:336,(anonymous_19)
FN:349,(anonymous_20)
FN:371,downloadBlob
FNF:22
FNH:16
FNDA:2,userExists
FNDA:1,getUser
FNDA:2,saveUserData
FNDA:4,deleteUser
FNDA:1,(anonymous_4)
FNDA:0,(anonymous_5)
FNDA:1,(anonymous_6)
FNDA:1,(anonymous_7)
FNDA:1,(anonymous_8)
FNDA:1,(anonymous_9)
FNDA:1,(anonymous_10)
FNDA:1,(anonymous_11)
FNDA:2,getRegisterPlanId
FNDA:2,fetchRegisterDoc
FNDA:1,exportUserData
FNDA:0,(anonymous_15)
FNDA:0,(anonymous_16)
FNDA:0,(anonymous_17)
FNDA:0,(anonymous_18)
FNDA:0,(anonymous_19)
FNDA:2,(anonymous_20)
FNDA:2,downloadBlob
DA:14,2
DA:15,2
DA:16,2
DA:17,2
DA:18,2
DA:22,1
DA:23,1
DA:25,1
DA:26,1
DA:27,1
DA:31,2
DA:33,1
DA:34,1
DA:36,1
DA:37,1
DA:41,4
DA:50,4
DA:56,4
DA:57,4
DA:58,4
DA:60,4
DA:61,1
DA:64,3
DA:65,1
DA:85,2
DA:90,2
DA:94,2
DA:99,2
DA:101,2
DA:102,1
DA:103,0
DA:106,2
DA:107,1
DA:111,1
DA:120,1
DA:125,1
DA:127,1
DA:128,1
DA:132,1
DA:134,1
DA:138,1
DA:145,1
DA:150,1
DA:152,1
DA:153,1
DA:157,1
DA:158,1
DA:162,1
DA:164,1
DA:168,1
DA:171,1
DA:178,1
DA:183,1
DA:188,1
DA:193,1
DA:194,1
DA:195,1
DA:202,1
DA:205,1
DA:209,1
DA:210,1
DA:214,1
DA:218,1
DA:219,1
DA:226,1
DA:228,1
DA:235,2
DA:236,2
DA:238,2
DA:239,2
DA:240,2
DA:242,1
DA:243,1
DA:247,2
DA:248,2
DA:249,2
DA:250,2
DA:251,2
DA:252,1
DA:256,1
DA:257,1
DA:259,1
DA:260,1
DA:265,1
DA:276,1
DA:277,1
DA:278,1
DA:282,1
DA:283,1
DA:284,0
DA:290,0
DA:291,0
DA:296,0
DA:300,1
DA:301,1
DA:302,0
DA:308,0
DA:309,0
DA:310,0
DA:316,0
DA:317,0
DA:322,0
DA:324,0
DA:328,1
DA:329,1
DA:331,1
DA:332,1
DA:335,1
DA:336,1
DA:341,1
DA:342,1
DA:343,1
DA:349,1
DA:350,2
DA:351,2
DA:352,2
DA:354,2
DA:355,1
DA:357,1
DA:358,1
DA:359,1
DA:362,0
DA:366,1
DA:367,1
DA:372,2
DA:373,2
DA:374,2
DA:375,2
DA:376,2
DA:377,2
DA:378,2
DA:379,2
LF:132
LH:118
BRDA:31,0,0,1
BRDA:31,0,1,1
BRDA:60,1,0,1
BRDA:60,1,1,3
BRDA:64,2,0,1
BRDA:64,2,1,2
BRDA:106,3,0,1
BRDA:106,3,1,1
BRDA:240,4,0,1
BRDA:240,4,1,1
BRDA:243,5,0,1
BRDA:243,5,1,0
BRDA:251,6,0,1
BRDA:251,6,1,1
BRDA:277,7,0,1
BRDA:277,7,1,0
BRF:16
BRH:14
end_of_record
TN:
SF:src/services/vectorSearch.ts
FN:59,vectorSearch
FN:114,executeVectorSearch
FNF:2
FNH:2
FNDA:6,vectorSearch
FNDA:6,executeVectorSearch
DA:52,2
DA:72,6
DA:80,6
DA:82,6
DA:88,3
DA:92,3
DA:93,1
DA:98,3
DA:119,6
DA:120,6
DA:121,1
DA:125,1
DA:134,5
DA:141,5
DA:147,5
DA:157,6
DA:162,6
DA:163,4
DA:171,5
DA:180,4
DA:181,1
DA:185,1
DA:190,3
DA:194,3
DA:199,3
LF:25
LH:25
BRDA:92,0,0,1
BRDA:92,0,1,2
BRDA:99,1,0,3
BRDA:99,1,1,0
BRDA:100,2,0,6
BRDA:100,2,1,0
BRDA:101,3,0,6
BRDA:101,3,1,0
BRDA:102,4,0,6
BRDA:102,4,1,2
BRDA:105,5,0,6
BRDA:105,5,1,2
BRDA:120,6,0,1
BRDA:120,6,1,5
BRDA:149,7,0,5
BRDA:149,7,1,4
BRDA:150,8,0,6
BRDA:150,8,1,4
BRDA:162,9,0,4
BRDA:162,9,1,2
BRDA:180,10,0,1
BRDA:180,10,1,3
BRF:22
BRH:19
end_of_record
TN:
SF:src/stores/userStore.ts
FN:9,(anonymous_0)
FN:11,(anonymous_1)
FNF:2
FNH:2
FNDA:1,(anonymous_0)
FNDA:3,(anonymous_1)
DA:9,1
DA:11,3
LF:2
LH:2
BRF:0
BRH:0
end_of_record
